2025-08-07 01:32:24 [TRACE] 【线程启动】全局监听
2025-08-07 01:32:24 [TRACE] 【线程启动】终止监听
2025-08-07 01:32:28 [WARNING] 有可用的更新！前往更新器获取 <1.0.4> 
2025-08-07 01:32:28 [ERROR] 【线程错误】Thread-11 (balloon_tip)

Traceback (most recent call last):
  File "threading.py", line 1041, in _bootstrap_inner
  File "threading.py", line 992, in run
  File "plyer\platforms\win\libs\balloontip.py", line 206, in balloon_tip
  File "plyer\platforms\win\libs\balloontip.py", line 130, in __init__
Exception: Could not load icon C:\Users\gelon\Desktop\ZA-Lite\dist\main\assets/images/daily\icon.ico

2025-08-07 01:32:33 [DEBUG] 权限检查通过
2025-08-07 01:32:34 [DEBUG] 跳过零号空洞
2025-08-07 01:32:36 [DEBUG] 初始化完毕..启动{日常任务}模块
2025-08-07 01:32:39 [DEBUG] 发现已存在的游戏窗口
2025-08-07 01:32:44 [SUCCESS] 程序开始接管操作，请保持游戏画面处于前台，终止按下Alt键
2025-08-07 01:32:44 [DEBUG] 正在返回菜单
2025-08-07 01:32:44 [TRACE] 现在处于大厅
2025-08-07 01:32:44 [INFO] 正在喝咖啡..
2025-08-07 01:32:44 [TRACE] 【目标出现】C:\Users\gelon\Desktop\ZA-Lite\assets/images/daily\lobby.png 置信度：1.0
2025-08-07 01:32:46 [TRACE] 【1】等待目标中 C:\Users\gelon\Desktop\ZA-Lite\assets/images/daily\old_guide.png
2025-08-07 01:32:46 [TRACE] 【2】等待目标中 C:\Users\gelon\Desktop\ZA-Lite\assets/images/daily\old_guide.png
2025-08-07 01:32:47 [TRACE] 【3】等待目标中 C:\Users\gelon\Desktop\ZA-Lite\assets/images/daily\old_guide.png
2025-08-07 01:32:48 [TRACE] 【4】等待目标中 C:\Users\gelon\Desktop\ZA-Lite\assets/images/daily\old_guide.png
2025-08-07 01:32:48 [TRACE] 【5】等待目标中 C:\Users\gelon\Desktop\ZA-Lite\assets/images/daily\old_guide.png
2025-08-07 01:32:49 [TRACE] 【6】等待目标中 C:\Users\gelon\Desktop\ZA-Lite\assets/images/daily\old_guide.png
2025-08-07 01:32:49 [TRACE] 【7】等待目标中 C:\Users\gelon\Desktop\ZA-Lite\assets/images/daily\old_guide.png
2025-08-07 01:32:50 [TRACE] 【8】等待目标中 C:\Users\gelon\Desktop\ZA-Lite\assets/images/daily\old_guide.png
2025-08-07 01:32:51 [TRACE] 【9】等待目标中 C:\Users\gelon\Desktop\ZA-Lite\assets/images/daily\old_guide.png
2025-08-07 01:32:51 [TRACE] 【10】等待目标中 C:\Users\gelon\Desktop\ZA-Lite\assets/images/daily\old_guide.png
2025-08-07 01:32:52 [TRACE] 【11】等待目标中 C:\Users\gelon\Desktop\ZA-Lite\assets/images/daily\old_guide.png
2025-08-07 01:32:52 [TRACE] 【12】等待目标中 C:\Users\gelon\Desktop\ZA-Lite\assets/images/daily\old_guide.png
2025-08-07 01:32:53 [TRACE] 【13】等待目标中 C:\Users\gelon\Desktop\ZA-Lite\assets/images/daily\old_guide.png
2025-08-07 01:32:53 [TRACE] 【14】等待目标中 C:\Users\gelon\Desktop\ZA-Lite\assets/images/daily\old_guide.png
2025-08-07 01:32:54 [TRACE] 【15】等待目标中 C:\Users\gelon\Desktop\ZA-Lite\assets/images/daily\old_guide.png
2025-08-07 01:32:55 [TRACE] 【16】等待目标中 C:\Users\gelon\Desktop\ZA-Lite\assets/images/daily\old_guide.png
2025-08-07 01:32:55 [TRACE] 【17】等待目标中 C:\Users\gelon\Desktop\ZA-Lite\assets/images/daily\old_guide.png
2025-08-07 01:32:56 [TRACE] 【18】等待目标中 C:\Users\gelon\Desktop\ZA-Lite\assets/images/daily\old_guide.png
2025-08-07 01:32:56 [TRACE] 【19】等待目标中 C:\Users\gelon\Desktop\ZA-Lite\assets/images/daily\old_guide.png
2025-08-07 01:32:57 [TRACE] 【20】等待目标中 C:\Users\gelon\Desktop\ZA-Lite\assets/images/daily\old_guide.png
2025-08-07 01:32:58 [ERROR] 等待超时,开始重试
