2025-07-27 16:15:36 [TRACE] 【线程启动】全局监听
2025-07-27 16:15:36 [TRACE] 【线程启动】终止监听
2025-07-27 16:15:36 [DEBUG] 初始化完毕..启动{日常任务}模块
2025-07-27 16:15:39 [DEBUG] 发现已存在的游戏窗口
2025-07-27 16:15:44 [SUCCESS] 程序开始接管操作，请保持游戏画面处于前台，终止按下Alt键
2025-07-27 16:15:44 [DEBUG] 正在返回菜单
2025-07-27 16:15:44 [TRACE] 正在返回菜单,请保持游戏画面处于前台
2025-07-27 16:15:46 [TRACE] 正在返回菜单,请保持游戏画面处于前台
2025-07-27 16:15:48 [TRACE] 正在返回菜单,请保持游戏画面处于前台
2025-07-27 16:15:50 [TRACE] 正在返回菜单,请保持游戏画面处于前台
2025-07-27 16:15:52 [TRACE] 正在返回菜单,请保持游戏画面处于前台
2025-07-27 16:15:54 [TRACE] 正在返回菜单,请保持游戏画面处于前台
2025-07-27 16:15:56 [TRACE] 正在返回菜单,请保持游戏画面处于前台
2025-07-27 16:15:58 [TRACE] 正在返回菜单,请保持游戏画面处于前台
2025-07-27 16:16:00 [TRACE] 正在返回菜单,请保持游戏画面处于前台
2025-07-27 16:16:02 [TRACE] 正在返回菜单,请保持游戏画面处于前台
2025-07-27 16:16:04 [TRACE] 正在返回菜单,请保持游戏画面处于前台
2025-07-27 16:16:06 [TRACE] 正在返回菜单,请保持游戏画面处于前台
2025-07-27 16:16:08 [TRACE] 正在返回菜单,请保持游戏画面处于前台
2025-07-27 16:16:10 [TRACE] 正在返回菜单,请保持游戏画面处于前台
2025-07-27 16:16:12 [TRACE] 正在返回菜单,请保持游戏画面处于前台
2025-07-27 16:16:14 [TRACE] 正在返回菜单,请保持游戏画面处于前台
2025-07-27 16:16:16 [TRACE] 正在返回菜单,请保持游戏画面处于前台
2025-07-27 16:16:18 [TRACE] 正在返回菜单,请保持游戏画面处于前台
2025-07-27 16:16:20 [TRACE] 正在返回菜单,请保持游戏画面处于前台
2025-07-27 16:16:21 [TRACE] 正在返回菜单,请保持游戏画面处于前台
2025-07-27 16:16:23 [TRACE] 正在返回菜单,请保持游戏画面处于前台
2025-07-27 16:16:25 [TRACE] 正在返回菜单,请保持游戏画面处于前台
2025-07-27 16:16:27 [TRACE] 正在返回菜单,请保持游戏画面处于前台
2025-07-27 16:16:29 [TRACE] 正在返回菜单,请保持游戏画面处于前台
2025-07-27 16:16:31 [TRACE] 正在返回菜单,请保持游戏画面处于前台
2025-07-27 16:16:33 [TRACE] 正在返回菜单,请保持游戏画面处于前台
2025-07-27 16:16:35 [TRACE] 正在返回菜单,请保持游戏画面处于前台
2025-07-27 16:16:37 [TRACE] 正在返回菜单,请保持游戏画面处于前台
2025-07-27 16:16:39 [TRACE] 现在处于主菜单
2025-07-27 16:16:40 [INFO] 电量剩余：11 距离回满还有 19 个小时
2025-07-27 16:16:40 [SUCCESS] <--------每日任务结束-------->
2025-07-27 16:16:40 [WARNING] 程序已经结束，按回车键退出(Enter)
