2025-07-26 12:24:22 [DEBUG] 今日执行 1 次零号空洞
2025-07-26 12:24:22 [DEBUG] 初始化完毕..启动{零号空洞}模块
2025-07-26 12:24:22 [DEBUG] 发现已存在的游戏窗口
2025-07-26 12:24:29 [SUCCESS] 程序开始接管操作，请保持游戏画面处于前台，终止按下Alt键
2025-07-26 12:24:29 [TRACE] 【线程启动】空洞搜索
2025-07-26 12:24:29 [TRACE] 【线程启动】空洞监听
2025-07-26 12:24:29 [TRACE] 【线程启动】空洞战斗
2025-07-26 12:24:29 [DEBUG] 正在返回菜单
2025-07-26 12:24:29 [TRACE] 正在返回菜单,请保持游戏画面处于前台
2025-07-26 12:24:31 [TRACE] 退出战斗返回菜单
2025-07-26 12:24:31 [TRACE] 【目标出现】C:\Users\gelon\Desktop\ZA-Lite\assets/images/daily\quit_battle.png 置信度：0.993863046169281
2025-07-26 12:24:32 [TRACE] 【目标出现】C:\Users\gelon\Desktop\ZA-Lite\assets/images/daily\confirm.png 置信度：0.9839586615562439
2025-07-26 12:24:33 [TRACE] 【1】等待目标中 C:\Users\gelon\Desktop\ZA-Lite\assets/images/daily\quit.png
2025-07-26 12:24:34 [TRACE] 【2】等待目标中 C:\Users\gelon\Desktop\ZA-Lite\assets/images/daily\quit.png
2025-07-26 12:24:35 [TRACE] 【3】等待目标中 C:\Users\gelon\Desktop\ZA-Lite\assets/images/daily\quit.png
2025-07-26 12:24:35 [TRACE] 【4】等待目标中 C:\Users\gelon\Desktop\ZA-Lite\assets/images/daily\quit.png
2025-07-26 12:24:36 [TRACE] 【5】等待目标中 C:\Users\gelon\Desktop\ZA-Lite\assets/images/daily\quit.png
2025-07-26 12:24:36 [TRACE] 【6】等待目标中 C:\Users\gelon\Desktop\ZA-Lite\assets/images/daily\quit.png
2025-07-26 12:24:37 [TRACE] 【7】等待目标中 C:\Users\gelon\Desktop\ZA-Lite\assets/images/daily\quit.png
2025-07-26 12:24:37 [TRACE] 【8】等待目标中 C:\Users\gelon\Desktop\ZA-Lite\assets/images/daily\quit.png
2025-07-26 12:24:38 [TRACE] 【跳过】C:\Users\gelon\Desktop\ZA-Lite\assets/images/daily\quit.png
2025-07-26 12:24:38 [TRACE] 【目标出现】C:\Users\gelon\Desktop\ZA-Lite\assets/images/hollow/mission_completed.png 置信度：0.9999996423721313
2025-07-26 12:24:40 [TRACE] 正在返回菜单,请保持游戏画面处于前台
2025-07-26 12:24:41 [TRACE] 正在返回菜单,请保持游戏画面处于前台
2025-07-26 12:24:43 [TRACE] 正在返回菜单,请保持游戏画面处于前台
2025-07-26 12:24:45 [TRACE] 正在返回菜单,请保持游戏画面处于前台
2025-07-26 12:24:47 [TRACE] 正在返回菜单,请保持游戏画面处于前台
2025-07-26 12:24:49 [TRACE] 正在返回菜单,请保持游戏画面处于前台
2025-07-26 12:24:51 [TRACE] 现在处于大厅
2025-07-26 12:24:52 [INFO] 执行零号空洞任务中
2025-07-26 12:24:52 [TRACE] 【1】等待目标中 C:\Users\gelon\Desktop\ZA-Lite\assets/images/hollow\combat.png
2025-07-26 12:24:53 [TRACE] 【目标出现】C:\Users\gelon\Desktop\ZA-Lite\assets/images/hollow\combat.png 置信度：0.9762916564941406
2025-07-26 12:24:54 [TRACE] 【目标出现】C:\Users\gelon\Desktop\ZA-Lite\assets/images/hollow\zero_hollow.png 置信度：0.9999943375587463
2025-07-26 12:24:55 [TRACE] 【目标出现】C:\Users\gelon\Desktop\ZA-Lite\assets/images/hollow\go_hollow.png 置信度：0.9944803714752197
2025-07-26 12:24:57 [TRACE] 【目标出现】C:\Users\gelon\Desktop\ZA-Lite\assets/images/hollow\confirm.png 置信度：0.9839513301849365
2025-07-26 12:24:58 [TRACE] 【1】等待目标中 C:\Users\gelon\Desktop\ZA-Lite\assets/images/hollow\hollow_taskforce.png
2025-07-26 12:24:59 [TRACE] 【2】等待目标中 C:\Users\gelon\Desktop\ZA-Lite\assets/images/hollow\hollow_taskforce.png
2025-07-26 12:24:59 [TRACE] 【3】等待目标中 C:\Users\gelon\Desktop\ZA-Lite\assets/images/hollow\hollow_taskforce.png
2025-07-26 12:25:00 [TRACE] 【目标出现】C:\Users\gelon\Desktop\ZA-Lite\assets/images/hollow\hollow_taskforce.png 置信度：0.9999865293502808
2025-07-26 12:25:01 [TRACE] 【目标出现】C:\Users\gelon\Desktop\ZA-Lite\assets/images/hollow\strategy.png 置信度：0.9999997019767761
2025-07-26 12:25:02 [TRACE] 【1】等待目标中 C:\Users\gelon\Desktop\ZA-Lite\assets/images/hollow\strategy_confirm.png
2025-07-26 12:25:03 [TRACE] 【目标出现】C:\Users\gelon\Desktop\ZA-Lite\assets/images/hollow\strategy_confirm.png 置信度：0.9999998211860657
2025-07-26 12:25:04 [TRACE] 【目标出现】C:\Users\gelon\Desktop\ZA-Lite\assets/images/hollow\next_step.png 置信度：0.9862588047981262
2025-07-26 12:25:05 [TRACE] 【目标出现】C:\Users\gelon\Desktop\ZA-Lite\assets/images/daily\squad_preset.png 置信度：0.9862319827079773
2025-07-26 12:25:06 [TRACE] 【目标出现】C:\Users\gelon\Desktop\ZA-Lite\assets/images/daily\squad_6.png 置信度：0.9545252323150635
2025-07-26 12:25:07 [TRACE] 【目标出现】C:\Users\gelon\Desktop\ZA-Lite\assets/images/daily\select_squad.png 置信度：0.9693613648414612
2025-07-26 12:25:09 [TRACE] 【目标出现】C:\Users\gelon\Desktop\ZA-Lite\assets/images/hollow\start_battle.png 置信度：0.9829922914505005
2025-07-26 12:25:10 [TRACE] 【空洞监听】无匹配已持续：0秒
2025-07-26 12:25:10 [TRACE] 【目标检测】屏幕内没有目标
2025-07-26 12:25:11 [TRACE] 【目标检测】屏幕内没有目标
2025-07-26 12:25:11 [TRACE] 【目标检测】屏幕内没有目标
2025-07-26 12:25:12 [TRACE] 【目标检测】屏幕内没有目标
2025-07-26 12:25:12 [TRACE] 【目标检测】屏幕内没有目标
2025-07-26 12:25:12 [TRACE] 【空洞监听】无匹配已持续：2秒
2025-07-26 12:25:14 [TRACE] 【目标检测】屏幕内没有目标
2025-07-26 12:25:14 [TRACE] 【目标检测】屏幕内没有目标
2025-07-26 12:25:14 [TRACE] 【空洞监听】无匹配已持续：4秒
2025-07-26 12:25:14 [TRACE] 【目标检测】屏幕内没有目标
2025-07-26 12:25:15 [TRACE] 【目标检测】屏幕内没有目标
2025-07-26 12:25:15 [TRACE] 【目标检测】屏幕内没有目标
2025-07-26 12:25:17 [TRACE] 【空洞监听】无匹配已持续：6秒
2025-07-26 12:25:17 [TRACE] 【目标检测】屏幕内没有目标
2025-07-26 12:25:17 [TRACE] 【目标检测】屏幕内没有目标
2025-07-26 12:25:18 [TRACE] 【目标检测】屏幕内没有目标
2025-07-26 12:25:18 [TRACE] 【目标检测】屏幕内没有目标
2025-07-26 12:25:19 [TRACE] 【目标检测】屏幕内没有目标
2025-07-26 12:25:19 [TRACE] 【空洞监听】无匹配已持续：9秒
2025-07-26 12:25:20 [TRACE] 【目标检测】屏幕内没有目标
2025-07-26 12:25:21 [TRACE] 【目标检测】屏幕内没有目标
2025-07-26 12:25:21 [TRACE] 【目标检测】屏幕内没有目标
2025-07-26 12:25:21 [TRACE] 【空洞监听】无匹配已持续：11秒
2025-07-26 12:25:21 [TRACE] 【目标检测】屏幕内没有目标
2025-07-26 12:25:22 [TRACE] 【目标检测】屏幕内没有目标
2025-07-26 12:25:23 [TRACE] 【目标检测】屏幕内没有目标
2025-07-26 12:25:24 [TRACE] 【空洞监听】无匹配已持续：13秒
2025-07-26 12:25:24 [TRACE] 【目标检测】屏幕内没有目标
2025-07-26 12:25:24 [TRACE] 【目标检测】屏幕内没有目标
2025-07-26 12:25:25 [TRACE] 【目标检测】屏幕内没有目标
2025-07-26 12:25:25 [TRACE] 【目标检测】屏幕内没有目标
2025-07-26 12:25:27 [TRACE] 【目标检测】屏幕内没有目标
2025-07-26 12:25:27 [TRACE] 【空洞监听】无匹配已持续：17秒
2025-07-26 12:25:27 [TRACE] 【目标检测】屏幕内没有目标
2025-07-26 12:25:28 [TRACE] 【目标检测】屏幕内没有目标
2025-07-26 12:25:28 [TRACE] 【目标检测】屏幕内没有目标
2025-07-26 12:25:29 [TRACE] 【目标检测】屏幕内没有目标
2025-07-26 12:25:30 [TRACE] 【空洞监听】无匹配已持续：19秒
2025-07-26 12:25:30 [TRACE] 【目标检测】屏幕内没有目标
2025-07-26 12:25:31 [TRACE] 【目标检测】屏幕内没有目标
2025-07-26 12:25:31 [TRACE] 【目标检测】屏幕内没有目标
2025-07-26 12:25:32 [TRACE] 【目标检测】屏幕内没有目标
2025-07-26 12:25:32 [TRACE] 【目标检测】屏幕内没有目标
2025-07-26 12:25:32 [TRACE] 【空洞监听】无匹配已持续：22秒
2025-07-26 12:25:33 [TRACE] 【目标检测】屏幕内没有目标
2025-07-26 12:25:34 [TRACE] 【目标检测】屏幕内没有目标
2025-07-26 12:25:34 [TRACE] 【目标检测】屏幕内没有目标
2025-07-26 12:25:34 [TRACE] 【空洞监听】无匹配已持续：24秒
2025-07-26 12:25:35 [TRACE] 【目标检测】屏幕内没有目标
2025-07-26 12:25:35 [TRACE] 【目标检测】屏幕内没有目标
2025-07-26 12:25:37 [TRACE] 【目标检测】屏幕内没有目标
2025-07-26 12:25:37 [TRACE] 【空洞监听】无匹配已持续：26秒
2025-07-26 12:25:37 [TRACE] 【目标检测】屏幕内没有目标
2025-07-26 12:25:38 [TRACE] 【目标检测】屏幕内没有目标
2025-07-26 12:25:38 [TRACE] 【目标检测】屏幕内没有目标
2025-07-26 12:25:38 [TRACE] 【目标检测】屏幕内没有目标
2025-07-26 12:25:39 [TRACE] 【空洞监听】无匹配已持续：29秒
2025-07-26 12:25:40 [TRACE] 【目标检测】屏幕内没有目标
2025-07-26 12:25:40 [TRACE] 【目标检测】屏幕内没有目标
2025-07-26 12:25:41 [TRACE] 【目标检测】屏幕内没有目标
2025-07-26 12:25:41 [TRACE] 【目标检测】屏幕内没有目标
2025-07-26 12:25:42 [TRACE] 【空洞监听】无匹配已持续：31秒
2025-07-26 12:25:42 [TRACE] 【目标检测】屏幕内没有目标
2025-07-26 12:25:43 [TRACE] 【目标检测】屏幕内没有目标
2025-07-26 12:25:44 [TRACE] 【目标检测】屏幕内没有目标
2025-07-26 12:25:44 [TRACE] 【空洞监听】无匹配已持续：33秒
2025-07-26 12:25:44 [TRACE] 【目标检测】屏幕内没有目标
2025-07-26 12:25:44 [TRACE] 【目标检测】屏幕内没有目标
2025-07-26 12:25:45 [TRACE] 【目标检测】屏幕内没有目标
2025-07-26 12:25:46 [TRACE] 【空洞监听】无匹配已持续：36秒
2025-07-26 12:25:46 [TRACE] 【目标检测】屏幕内没有目标
2025-07-26 12:25:47 [TRACE] 【目标检测】屏幕内没有目标
2025-07-26 12:25:47 [TRACE] 【目标检测】屏幕内没有目标
2025-07-26 12:25:48 [TRACE] 【目标检测】屏幕内没有目标
2025-07-26 12:25:48 [TRACE] 【目标检测】屏幕内没有目标
2025-07-26 12:25:48 [TRACE] 【空洞监听】无匹配已持续：38秒
2025-07-26 12:25:50 [TRACE] 【目标检测】屏幕内没有目标
2025-07-26 12:25:50 [TRACE] 【目标检测】屏幕内没有目标
2025-07-26 12:25:50 [TRACE] 【目标检测】屏幕内没有目标
2025-07-26 12:25:51 [TRACE] 【空洞监听】无匹配已持续：40秒
2025-07-26 12:25:51 [TRACE] 【目标检测】屏幕内没有目标
2025-07-26 12:25:51 [TRACE] 【目标检测】屏幕内没有目标
2025-07-26 12:25:53 [TRACE] 【目标检测】屏幕内没有目标
2025-07-26 12:25:53 [TRACE] 【空洞监听】无匹配已持续：43秒
2025-07-26 12:25:53 [TRACE] 【目标检测】屏幕内没有目标
2025-07-26 12:25:54 [TRACE] 【目标检测】屏幕内没有目标
2025-07-26 12:25:54 [TRACE] 【目标检测】屏幕内没有目标
2025-07-26 12:25:54 [TRACE] 【目标检测】屏幕内没有目标
2025-07-26 12:25:55 [TRACE] 【空洞监听】无匹配已持续：45秒
2025-07-26 12:25:56 [TRACE] 【目标检测】屏幕内没有目标
2025-07-26 12:25:56 [TRACE] 【目标检测】屏幕内没有目标
2025-07-26 12:25:57 [TRACE] 【目标检测】屏幕内没有目标
2025-07-26 12:25:57 [TRACE] 【目标检测】屏幕内没有目标
2025-07-26 12:25:58 [TRACE] 【目标检测】屏幕内没有目标
2025-07-26 12:25:58 [TRACE] 【空洞监听】无匹配已持续：47秒
2025-07-26 12:25:59 [TRACE] 【目标检测】屏幕内没有目标
2025-07-26 12:25:59 [TRACE] 【目标检测】屏幕内没有目标
2025-07-26 12:26:00 [TRACE] 【目标检测】屏幕内没有目标
2025-07-26 12:26:00 [TRACE] 【空洞监听】无匹配已持续：50秒
2025-07-26 12:26:00 [TRACE] 【目标检测】屏幕内没有目标
2025-07-26 12:26:01 [TRACE] 【目标检测】屏幕内没有目标
2025-07-26 12:26:02 [TRACE] 【目标检测】屏幕内没有目标
2025-07-26 12:26:03 [TRACE] 【空洞监听】无匹配已持续：52秒
2025-07-26 12:26:03 [TRACE] 【目标检测】屏幕内没有目标
2025-07-26 12:26:03 [TRACE] 【目标检测】屏幕内没有目标
2025-07-26 12:26:04 [TRACE] 【目标检测】屏幕内没有目标
2025-07-26 12:26:04 [TRACE] 【目标检测】屏幕内没有目标
2025-07-26 12:26:05 [TRACE] 【空洞监听】无匹配已持续：55秒
2025-07-26 12:26:05 [TRACE] 【目标检测】屏幕内没有目标
2025-07-26 12:26:06 [TRACE] 【目标检测】屏幕内没有目标
2025-07-26 12:26:06 [TRACE] 【目标检测】屏幕内没有目标
2025-07-26 12:26:07 [TRACE] 【目标检测】屏幕内没有目标
2025-07-26 12:26:07 [TRACE] 【目标检测】屏幕内没有目标
2025-07-26 12:26:07 [TRACE] 【空洞监听】无匹配已持续：57秒
2025-07-26 12:26:08 [TRACE] 【目标检测】屏幕内没有目标
2025-07-26 12:26:09 [TRACE] 【目标检测】屏幕内没有目标
2025-07-26 12:26:09 [TRACE] 【目标检测】屏幕内没有目标
2025-07-26 12:26:09 [TRACE] 【空洞监听】无匹配已持续：59秒
2025-07-26 12:26:10 [TRACE] 【目标检测】屏幕内没有目标
2025-07-26 12:26:10 [TRACE] 【目标检测】屏幕内没有目标
2025-07-26 12:26:12 [TRACE] 【目标检测】屏幕内没有目标
2025-07-26 12:26:12 [TRACE] 【空洞监听】无匹配已持续：61秒
2025-07-26 12:26:12 [TRACE] 【空洞监听】即将超时，重启搜索线程
2025-07-26 12:26:12 [TRACE] 【目标检测】屏幕内没有目标
2025-07-26 12:26:12 [TRACE] 【目标检测】屏幕内没有目标
2025-07-26 12:26:13 [TRACE] 【目标检测】屏幕内没有目标
2025-07-26 12:26:13 [TRACE] 【目标检测】屏幕内没有目标
2025-07-26 12:26:14 [TRACE] 【空洞监听】无匹配已持续：64秒
2025-07-26 12:26:14 [TRACE] 【空洞监听】即将超时，重启搜索线程
2025-07-26 12:26:15 [TRACE] 【目标检测】屏幕内没有目标
2025-07-26 12:26:15 [TRACE] 【目标检测】屏幕内没有目标
2025-07-26 12:26:16 [TRACE] 【目标检测】屏幕内没有目标
2025-07-26 12:26:16 [TRACE] 【目标检测】屏幕内没有目标
2025-07-26 12:26:16 [TRACE] 【目标检测】屏幕内没有目标
2025-07-26 12:26:17 [TRACE] 【空洞监听】无匹配已持续：67秒
2025-07-26 12:26:17 [TRACE] 【空洞监听】即将超时，重启搜索线程
2025-07-26 12:26:18 [TRACE] 【目标检测】屏幕内没有目标
2025-07-26 12:26:18 [TRACE] 【目标检测】屏幕内没有目标
2025-07-26 12:26:19 [TRACE] 【目标检测】屏幕内没有目标
2025-07-26 12:26:19 [TRACE] 【目标检测】屏幕内没有目标
2025-07-26 12:26:19 [TRACE] 【目标检测】屏幕内没有目标
2025-07-26 12:26:20 [TRACE] 【空洞监听】无匹配已持续：69秒
2025-07-26 12:26:20 [TRACE] 【空洞监听】即将超时，重启搜索线程
2025-07-26 12:26:21 [TRACE] 【目标检测】屏幕内没有目标
2025-07-26 12:26:21 [TRACE] 【目标检测】屏幕内没有目标
2025-07-26 12:26:22 [TRACE] 【目标检测】屏幕内没有目标
2025-07-26 12:26:22 [TRACE] 【目标检测】屏幕内没有目标
2025-07-26 12:26:22 [TRACE] 【空洞监听】无匹配已持续：72秒
2025-07-26 12:26:22 [TRACE] 【空洞监听】即将超时，重启搜索线程
2025-07-26 12:26:23 [TRACE] 【目标检测】屏幕内没有目标
2025-07-26 12:26:24 [TRACE] 【目标检测】屏幕内没有目标
2025-07-26 12:26:25 [TRACE] 【目标检测】屏幕内没有目标
2025-07-26 12:26:25 [TRACE] 【空洞监听】无匹配已持续：74秒
2025-07-26 12:26:25 [TRACE] 【空洞监听】即将超时，重启搜索线程
2025-07-26 12:26:25 [TRACE] 【目标检测】屏幕内没有目标
2025-07-26 12:26:25 [TRACE] 【目标检测】屏幕内没有目标
2025-07-26 12:26:26 [TRACE] 【目标检测】屏幕内没有目标
2025-07-26 12:26:27 [TRACE] 【目标检测】屏幕内没有目标
2025-07-26 12:26:27 [TRACE] 【空洞监听】无匹配已持续：77秒
2025-07-26 12:26:27 [TRACE] 【空洞监听】即将超时，重启搜索线程
2025-07-26 12:26:27 [TRACE] 【目标检测】屏幕内没有目标
2025-07-26 12:26:28 [TRACE] 【目标检测】屏幕内没有目标
2025-07-26 12:26:28 [TRACE] 【目标检测】屏幕内没有目标
2025-07-26 12:26:29 [TRACE] 【目标检测】屏幕内没有目标
2025-07-26 12:26:30 [TRACE] 【空洞监听】无匹配已持续：80秒
2025-07-26 12:26:30 [TRACE] 【空洞监听】即将超时，重启搜索线程
2025-07-26 12:26:30 [TRACE] 【目标检测】屏幕内没有目标
2025-07-26 12:26:31 [TRACE] 【目标检测】屏幕内没有目标
2025-07-26 12:26:31 [TRACE] 【目标检测】屏幕内没有目标
2025-07-26 12:26:32 [TRACE] 【目标检测】屏幕内没有目标
2025-07-26 12:26:32 [TRACE] 【目标检测】屏幕内没有目标
2025-07-26 12:26:33 [TRACE] 【空洞监听】无匹配已持续：83秒
2025-07-26 12:26:33 [TRACE] 【空洞监听】即将超时，重启搜索线程
2025-07-26 12:26:34 [TRACE] 【目标检测】屏幕内没有目标
2025-07-26 12:26:35 [TRACE] 【目标检测】屏幕内没有目标
2025-07-26 12:26:36 [TRACE] 【目标检测】目标存在，但置信度不足
2025-07-26 12:26:36 [TRACE] 【目标检测】屏幕内没有目标
2025-07-26 12:26:36 [TRACE] 【目标检测】屏幕内没有目标
2025-07-26 12:26:37 [TRACE] 【空洞监听】无匹配已持续：86秒
2025-07-26 12:26:37 [TRACE] 【空洞监听】即将超时，重启搜索线程
2025-07-26 12:26:37 [TRACE] 【目标检测】屏幕内没有目标
2025-07-26 12:26:38 [TRACE] 【目标检测】屏幕内没有目标
2025-07-26 12:26:40 [TRACE] 【目标检测】微调超时，无法对齐！
2025-07-26 12:26:41 [TRACE] 【目标检测】屏幕内没有目标
2025-07-26 12:26:42 [TRACE] 【空洞监听】无匹配已持续：92秒
2025-07-26 12:26:42 [TRACE] 【空洞监听】即将超时，重启搜索线程
2025-07-26 12:26:42 [WARNING] 空洞任务异常，跳过本轮
2025-07-26 12:26:43 [INFO] 本轮耗时:1分钟
2025-07-26 12:26:43 [INFO] 当前完成空洞 0 次 
2025-07-26 12:26:43 [DEBUG] 正在返回菜单
2025-07-26 12:26:43 [TRACE] 正在返回菜单,请保持游戏画面处于前台
2025-07-26 12:26:45 [TRACE] 正在返回菜单,请保持游戏画面处于前台
2025-07-26 12:26:47 [TRACE] 退出战斗返回菜单
2025-07-26 12:26:47 [TRACE] 【目标出现】C:\Users\gelon\Desktop\ZA-Lite\assets/images/daily\quit_battle.png 置信度：0.993863046169281
2025-07-26 12:26:48 [TRACE] 【目标出现】C:\Users\gelon\Desktop\ZA-Lite\assets/images/daily\confirm.png 置信度：0.9839509725570679
2025-07-26 12:26:50 [TRACE] 【1】等待目标中 C:\Users\gelon\Desktop\ZA-Lite\assets/images/daily\quit.png
2025-07-26 12:26:50 [TRACE] 【2】等待目标中 C:\Users\gelon\Desktop\ZA-Lite\assets/images/daily\quit.png
2025-07-26 12:26:51 [TRACE] 【3】等待目标中 C:\Users\gelon\Desktop\ZA-Lite\assets/images/daily\quit.png
2025-07-26 12:26:51 [TRACE] 【4】等待目标中 C:\Users\gelon\Desktop\ZA-Lite\assets/images/daily\quit.png
2025-07-26 12:26:52 [TRACE] 【5】等待目标中 C:\Users\gelon\Desktop\ZA-Lite\assets/images/daily\quit.png
2025-07-26 12:26:52 [TRACE] 【6】等待目标中 C:\Users\gelon\Desktop\ZA-Lite\assets/images/daily\quit.png
2025-07-26 12:26:53 [TRACE] 【目标出现】C:\Users\gelon\Desktop\ZA-Lite\assets/images/daily\quit.png 置信度：0.918384313583374
2025-07-26 12:26:54 [TRACE] 【1】等待目标中 C:\Users\gelon\Desktop\ZA-Lite\assets/images/hollow/mission_completed.png
2025-07-26 12:26:55 [TRACE] 【2】等待目标中 C:\Users\gelon\Desktop\ZA-Lite\assets/images/hollow/mission_completed.png
2025-07-26 12:26:56 [TRACE] 【3】等待目标中 C:\Users\gelon\Desktop\ZA-Lite\assets/images/hollow/mission_completed.png
2025-07-26 12:26:56 [TRACE] 【4】等待目标中 C:\Users\gelon\Desktop\ZA-Lite\assets/images/hollow/mission_completed.png
2025-07-26 12:26:57 [TRACE] 【5】等待目标中 C:\Users\gelon\Desktop\ZA-Lite\assets/images/hollow/mission_completed.png
2025-07-26 12:26:57 [TRACE] 【6】等待目标中 C:\Users\gelon\Desktop\ZA-Lite\assets/images/hollow/mission_completed.png
2025-07-26 12:26:58 [TRACE] 【7】等待目标中 C:\Users\gelon\Desktop\ZA-Lite\assets/images/hollow/mission_completed.png
2025-07-26 12:26:59 [TRACE] 【目标出现】C:\Users\gelon\Desktop\ZA-Lite\assets/images/hollow/mission_completed.png 置信度：0.9999998211860657
2025-07-26 12:27:00 [TRACE] 正在返回菜单,请保持游戏画面处于前台
2025-07-26 12:27:02 [TRACE] 正在返回菜单,请保持游戏画面处于前台
2025-07-26 12:27:04 [TRACE] 正在返回菜单,请保持游戏画面处于前台
2025-07-26 12:27:06 [TRACE] 正在返回菜单,请保持游戏画面处于前台
2025-07-26 12:27:08 [TRACE] 正在返回菜单,请保持游戏画面处于前台
