2025-07-26 13:21:28 [DEBUG] 今日执行 1 次零号空洞
2025-07-26 13:21:28 [DEBUG] 初始化完毕..启动{零号空洞}模块
2025-07-26 13:21:28 [DEBUG] 发现已存在的游戏窗口
2025-07-26 13:21:34 [SUCCESS] 程序开始接管操作，请保持游戏画面处于前台，终止按下Alt键
2025-07-26 13:21:34 [TRACE] 【线程启动】空洞搜索
2025-07-26 13:21:34 [TRACE] 【线程启动】空洞监听
2025-07-26 13:21:34 [TRACE] 【线程启动】空洞战斗
2025-07-26 13:21:34 [DEBUG] 正在返回菜单
2025-07-26 13:21:34 [TRACE] 正在返回菜单,请保持游戏画面处于前台
2025-07-26 13:21:36 [TRACE] 正在返回菜单,请保持游戏画面处于前台
2025-07-26 13:21:38 [TRACE] 正在返回菜单,请保持游戏画面处于前台
2025-07-26 13:21:40 [TRACE] 正在返回菜单,请保持游戏画面处于前台
2025-07-26 13:21:42 [TRACE] 正在返回菜单,请保持游戏画面处于前台
2025-07-26 13:21:44 [TRACE] 现在处于大厅
2025-07-26 13:21:45 [INFO] 执行零号空洞任务中
2025-07-26 13:21:45 [TRACE] 【1】等待目标中 C:\Users\gelon\Desktop\ZA-Lite\assets/images/hollow\combat.png
2025-07-26 13:21:46 [TRACE] 【目标出现】C:\Users\gelon\Desktop\ZA-Lite\assets/images/hollow\combat.png 置信度：0.9762977361679077
2025-07-26 13:21:47 [TRACE] 【目标出现】C:\Users\gelon\Desktop\ZA-Lite\assets/images/hollow\zero_hollow.png 置信度：0.9999945163726807
2025-07-26 13:21:48 [TRACE] 【目标出现】C:\Users\gelon\Desktop\ZA-Lite\assets/images/hollow\go_hollow.png 置信度：0.9946008920669556
2025-07-26 13:21:50 [TRACE] 【目标出现】C:\Users\gelon\Desktop\ZA-Lite\assets/images/hollow\confirm.png 置信度：0.9839428067207336
2025-07-26 13:21:51 [TRACE] 【1】等待目标中 C:\Users\gelon\Desktop\ZA-Lite\assets/images/hollow\hollow_taskforce.png
2025-07-26 13:21:51 [TRACE] 【2】等待目标中 C:\Users\gelon\Desktop\ZA-Lite\assets/images/hollow\hollow_taskforce.png
2025-07-26 13:21:52 [TRACE] 【3】等待目标中 C:\Users\gelon\Desktop\ZA-Lite\assets/images/hollow\hollow_taskforce.png
2025-07-26 13:21:53 [TRACE] 【目标出现】C:\Users\gelon\Desktop\ZA-Lite\assets/images/hollow\hollow_taskforce.png 置信度：0.9999802708625793
2025-07-26 13:21:54 [TRACE] 【目标出现】C:\Users\gelon\Desktop\ZA-Lite\assets/images/hollow\strategy.png 置信度：0.9999997019767761
2025-07-26 13:21:55 [TRACE] 【1】等待目标中 C:\Users\gelon\Desktop\ZA-Lite\assets/images/hollow\strategy_confirm.png
2025-07-26 13:21:55 [TRACE] 【目标出现】C:\Users\gelon\Desktop\ZA-Lite\assets/images/hollow\strategy_confirm.png 置信度：1.0
2025-07-26 13:21:57 [TRACE] 【目标出现】C:\Users\gelon\Desktop\ZA-Lite\assets/images/hollow\next_step.png 置信度：0.9864314794540405
2025-07-26 13:21:58 [TRACE] 【目标出现】C:\Users\gelon\Desktop\ZA-Lite\assets/images/daily\squad_preset.png 置信度：0.9862329959869385
2025-07-26 13:21:59 [TRACE] 【目标出现】C:\Users\gelon\Desktop\ZA-Lite\assets/images/daily\squad_5.png 置信度：0.9670807123184204
2025-07-26 13:22:00 [TRACE] 【目标出现】C:\Users\gelon\Desktop\ZA-Lite\assets/images/daily\select_squad.png 置信度：0.9682056903839111
2025-07-26 13:22:02 [TRACE] 【目标出现】C:\Users\gelon\Desktop\ZA-Lite\assets/images/hollow\start_battle.png 置信度：0.9862396717071533
2025-07-26 13:22:03 [TRACE] 【空洞监听】无匹配已持续：0秒
2025-07-26 13:22:03 [TRACE] 【目标检测】屏幕内没有目标
2025-07-26 13:22:04 [TRACE] 【目标检测】目标存在，但置信度不足
2025-07-26 13:22:04 [TRACE] 【目标检测】目标存在，但置信度不足
2025-07-26 13:22:04 [TRACE] 【目标检测】目标存在，但置信度不足
2025-07-26 13:22:05 [TRACE] 【目标检测】屏幕内没有目标
2025-07-26 13:22:05 [TRACE] 【目标检测】屏幕内没有目标
2025-07-26 13:22:05 [TRACE] 【目标检测】屏幕内没有目标
2025-07-26 13:22:06 [TRACE] 【目标检测】屏幕内没有目标
2025-07-26 13:22:07 [TRACE] 【目标检测】屏幕内没有目标
2025-07-26 13:22:08 [TRACE] 【目标检测】屏幕内没有目标
2025-07-26 13:22:08 [TRACE] 【空洞监听】无匹配已持续：0秒
2025-07-26 13:22:08 [TRACE] 【目标检测】屏幕内没有目标
2025-07-26 13:22:08 [TRACE] 【目标检测】屏幕内没有目标
2025-07-26 13:22:09 [TRACE] 【目标检测】屏幕内没有目标
2025-07-26 13:22:10 [TRACE] 【空洞监听】无匹配已持续：2秒
2025-07-26 13:22:10 [TRACE] 【目标检测】屏幕内没有目标
2025-07-26 13:22:11 [TRACE] 【目标检测】屏幕内没有目标
2025-07-26 13:22:11 [TRACE] 【目标检测】屏幕内没有目标
2025-07-26 13:22:11 [TRACE] 【目标检测】屏幕内没有目标
2025-07-26 13:22:12 [TRACE] 【空洞监听】无匹配已持续：4秒
2025-07-26 13:22:12 [TRACE] 【目标检测】屏幕内没有目标
2025-07-26 13:22:13 [TRACE] 【目标检测】屏幕内没有目标
2025-07-26 13:22:14 [TRACE] 【目标检测】屏幕内没有目标
2025-07-26 13:22:14 [TRACE] 【空洞监听】无匹配已持续：6秒
2025-07-26 13:22:14 [TRACE] 【目标检测】屏幕内没有目标
2025-07-26 13:22:15 [TRACE] 【目标检测】屏幕内没有目标
2025-07-26 13:22:15 [TRACE] 【目标检测】屏幕内没有目标
2025-07-26 13:22:17 [TRACE] 【目标检测】屏幕内没有目标
2025-07-26 13:22:17 [TRACE] 【空洞监听】无匹配已持续：8秒
2025-07-26 13:22:17 [TRACE] 【目标检测】屏幕内没有目标
2025-07-26 13:22:17 [TRACE] 【目标检测】屏幕内没有目标
2025-07-26 13:22:18 [TRACE] 【目标检测】屏幕内没有目标
2025-07-26 13:22:18 [TRACE] 【目标检测】屏幕内没有目标
2025-07-26 13:22:19 [TRACE] 【空洞监听】无匹配已持续：11秒
2025-07-26 13:22:20 [TRACE] 【目标检测】屏幕内没有目标
2025-07-26 13:22:20 [TRACE] 【目标检测】屏幕内没有目标
2025-07-26 13:22:21 [TRACE] 【目标检测】屏幕内没有目标
2025-07-26 13:22:21 [TRACE] 【目标检测】屏幕内没有目标
2025-07-26 13:22:21 [TRACE] 【空洞监听】无匹配已持续：13秒
2025-07-26 13:22:21 [TRACE] 【目标检测】屏幕内没有目标
2025-07-26 13:22:24 [TRACE] 【空洞监听】无匹配已持续：15秒
2025-07-26 13:22:25 [TRACE] 【目标检测】TRAPPED！ 类型：interact 置信度：0.9132139682769775
2025-07-26 13:22:26 [TRACE] 【空洞监听】无匹配已持续：18秒
2025-07-26 13:22:28 [TRACE] 【空洞监听】无匹配已持续：20秒
2025-07-26 13:22:32 [TRACE] 【目标检测】TRAPPED！ 类型：blue_portal 置信度：0.8484112620353699
2025-07-26 13:22:33 [TRACE] 【状态】搜索模式：C:\Users\gelon\Desktop\ZA-Lite\assets/images/hollow\meter.png 置信度：0.9072650671005249
2025-07-26 13:22:36 [TRACE] 【目标检测】TRAPPED！ 类型：blue_portal 置信度：0.9118356704711914
2025-07-26 13:22:37 [TRACE] 【空洞监听】无匹配已持续：0秒
2025-07-26 13:22:39 [TRACE] 【空洞监听】无匹配已持续：2秒
2025-07-26 13:22:41 [TRACE] 【空洞监听】无匹配已持续：4秒
2025-07-26 13:22:42 [TRACE] 【目标检测】屏幕内没有目标
2025-07-26 13:22:43 [TRACE] 【目标检测】屏幕内没有目标
2025-07-26 13:22:43 [TRACE] 【目标检测】屏幕内没有目标
2025-07-26 13:22:43 [TRACE] 【空洞监听】无匹配已持续：6秒
2025-07-26 13:22:44 [TRACE] 【目标检测】屏幕内没有目标
2025-07-26 13:22:44 [TRACE] 【目标检测】屏幕内没有目标
2025-07-26 13:22:46 [TRACE] 【目标检测】屏幕内没有目标
2025-07-26 13:22:46 [TRACE] 【目标检测】屏幕内没有目标
2025-07-26 13:22:46 [TRACE] 【空洞监听】无匹配已持续：9秒
2025-07-26 13:22:46 [TRACE] 【目标检测】屏幕内没有目标
2025-07-26 13:22:47 [TRACE] 【目标检测】屏幕内没有目标
2025-07-26 13:22:47 [TRACE] 【目标检测】屏幕内没有目标
2025-07-26 13:22:48 [TRACE] 【空洞监听】无匹配已持续：11秒
2025-07-26 13:22:49 [TRACE] 【目标检测】屏幕内没有目标
2025-07-26 13:22:49 [TRACE] 【目标检测】屏幕内没有目标
2025-07-26 13:22:49 [TRACE] 【线程启动】攻击检测
2025-07-26 13:22:49 [TRACE] 【状态】战斗模式：C:\Users\gelon\Desktop\ZA-Lite\assets/images/hollow\battle_3.png 置信度：1.0
2025-07-26 13:22:49 [TRACE] 【目标检测】屏幕内没有目标
2025-07-26 13:22:52 [TRACE] 【状态】战斗模式：C:\Users\gelon\Desktop\ZA-Lite\assets/images/hollow\battle_3.png 置信度：0.9999999403953552
2025-07-26 13:22:57 [TRACE] 【空洞监听】无匹配已持续：0秒
2025-07-26 13:22:59 [TRACE] 【空洞监听】无匹配已持续：2秒
2025-07-26 13:23:02 [TRACE] 【空洞监听】无匹配已持续：5秒
2025-07-26 13:23:04 [WARNING] 代理人死亡，空洞任务失败
2025-07-26 13:23:04 [TRACE] 【1】等待目标中 C:\Users\gelon\Desktop\ZA-Lite\assets/images/hollow\mission_completed.png
2025-07-26 13:23:05 [TRACE] 【2】等待目标中 C:\Users\gelon\Desktop\ZA-Lite\assets/images/hollow\mission_completed.png
2025-07-26 13:23:06 [TRACE] 【3】等待目标中 C:\Users\gelon\Desktop\ZA-Lite\assets/images/hollow\mission_completed.png
2025-07-26 13:23:06 [TRACE] 【4】等待目标中 C:\Users\gelon\Desktop\ZA-Lite\assets/images/hollow\mission_completed.png
2025-07-26 13:23:07 [TRACE] 【5】等待目标中 C:\Users\gelon\Desktop\ZA-Lite\assets/images/hollow\mission_completed.png
2025-07-26 13:23:08 [TRACE] 【6】等待目标中 C:\Users\gelon\Desktop\ZA-Lite\assets/images/hollow\mission_completed.png
2025-07-26 13:23:08 [TRACE] 【7】等待目标中 C:\Users\gelon\Desktop\ZA-Lite\assets/images/hollow\mission_completed.png
2025-07-26 13:23:09 [TRACE] 【8】等待目标中 C:\Users\gelon\Desktop\ZA-Lite\assets/images/hollow\mission_completed.png
2025-07-26 13:23:09 [TRACE] 【跳过】C:\Users\gelon\Desktop\ZA-Lite\assets/images/hollow\mission_completed.png
2025-07-26 13:23:09 [INFO] 本轮耗时:1分钟
2025-07-26 13:23:09 [INFO] 当前完成空洞 0 次 
2025-07-26 13:23:09 [DEBUG] 正在返回菜单
2025-07-26 13:23:10 [TRACE] 正在返回菜单,请保持游戏画面处于前台
2025-07-26 13:23:12 [TRACE] 正在返回菜单,请保持游戏画面处于前台
2025-07-26 13:23:14 [TRACE] 正在返回菜单,请保持游戏画面处于前台
2025-07-26 13:23:15 [TRACE] 正在返回菜单,请保持游戏画面处于前台
2025-07-26 13:23:17 [TRACE] 正在返回菜单,请保持游戏画面处于前台
2025-07-26 13:23:19 [TRACE] 正在返回菜单,请保持游戏画面处于前台
2025-07-26 13:23:21 [TRACE] 正在返回菜单,请保持游戏画面处于前台
2025-07-26 13:23:23 [TRACE] 正在返回菜单,请保持游戏画面处于前台
2025-07-26 13:23:25 [TRACE] 正在返回菜单,请保持游戏画面处于前台
2025-07-26 13:23:27 [TRACE] 正在返回菜单,请保持游戏画面处于前台
2025-07-26 13:23:29 [TRACE] 正在返回菜单,请保持游戏画面处于前台
2025-07-26 13:23:31 [TRACE] 正在返回菜单,请保持游戏画面处于前台
2025-07-26 13:23:33 [TRACE] 正在返回菜单,请保持游戏画面处于前台
2025-07-26 13:23:35 [TRACE] 正在返回菜单,请保持游戏画面处于前台
2025-07-26 13:23:37 [TRACE] 正在返回菜单,请保持游戏画面处于前台
2025-07-26 13:23:39 [TRACE] 正在返回菜单,请保持游戏画面处于前台
2025-07-26 13:23:41 [TRACE] 正在返回菜单,请保持游戏画面处于前台
2025-07-26 13:23:43 [TRACE] 正在返回菜单,请保持游戏画面处于前台
2025-07-26 13:23:45 [TRACE] 正在返回菜单,请保持游戏画面处于前台
2025-07-26 13:23:47 [TRACE] 正在返回菜单,请保持游戏画面处于前台
