2025-07-26 18:07:06 [TRACE] 【线程启动】全局监听
2025-07-26 18:07:06 [TRACE] 【线程启动】终止监听
2025-07-26 18:07:08 [WARNING] 有可用的更新！前往更新器获取 <1.0.4> 
2025-07-26 18:07:13 [DEBUG] 权限检查通过
2025-07-26 18:07:14 [DEBUG] 今日执行 1 次零号空洞
2025-07-26 18:07:14 [DEBUG] 初始化完毕..启动{零号空洞}模块
2025-07-26 18:07:14 [DEBUG] 发现已存在的游戏窗口
2025-07-26 18:07:19 [SUCCESS] 程序开始接管操作，请保持游戏画面处于前台，终止按下Alt键
2025-07-26 18:07:19 [TRACE] 【线程启动】空洞搜索
2025-07-26 18:07:19 [TRACE] 【线程启动】空洞监听
2025-07-26 18:07:19 [TRACE] 【线程启动】空洞战斗
2025-07-26 18:07:19 [DEBUG] 正在返回菜单
2025-07-26 18:07:20 [TRACE] 正在返回菜单,请保持游戏画面处于前台
2025-07-26 18:07:22 [TRACE] 正在返回菜单,请保持游戏画面处于前台
2025-07-26 18:07:24 [TRACE] 正在返回菜单,请保持游戏画面处于前台
2025-07-26 18:07:26 [TRACE] 正在返回菜单,请保持游戏画面处于前台
2025-07-26 18:07:28 [TRACE] 正在返回菜单,请保持游戏画面处于前台
2025-07-26 18:07:30 [TRACE] 正在返回菜单,请保持游戏画面处于前台
2025-07-26 18:07:32 [TRACE] 正在返回菜单,请保持游戏画面处于前台
2025-07-26 18:07:34 [TRACE] 正在返回菜单,请保持游戏画面处于前台
2025-07-26 18:07:36 [TRACE] 正在返回菜单,请保持游戏画面处于前台
2025-07-26 18:07:38 [TRACE] 正在返回菜单,请保持游戏画面处于前台
2025-07-26 18:07:40 [TRACE] 正在返回菜单,请保持游戏画面处于前台
2025-07-26 18:07:42 [TRACE] 正在返回菜单,请保持游戏画面处于前台
2025-07-26 18:07:44 [TRACE] 正在返回菜单,请保持游戏画面处于前台
2025-07-26 18:07:46 [TRACE] 正在返回菜单,请保持游戏画面处于前台
2025-07-26 18:07:48 [TRACE] 正在返回菜单,请保持游戏画面处于前台
2025-07-26 18:07:50 [TRACE] 正在返回菜单,请保持游戏画面处于前台
2025-07-26 18:07:52 [TRACE] 正在返回菜单,请保持游戏画面处于前台
2025-07-26 18:07:54 [TRACE] 正在返回菜单,请保持游戏画面处于前台
2025-07-26 18:07:56 [TRACE] 正在返回菜单,请保持游戏画面处于前台
2025-07-26 18:07:58 [TRACE] 正在返回菜单,请保持游戏画面处于前台
2025-07-26 18:08:00 [TRACE] 正在返回菜单,请保持游戏画面处于前台
2025-07-26 18:08:02 [TRACE] 正在返回菜单,请保持游戏画面处于前台
2025-07-26 18:08:04 [TRACE] 正在返回菜单,请保持游戏画面处于前台
2025-07-26 18:08:06 [TRACE] 正在返回菜单,请保持游戏画面处于前台
2025-07-26 18:08:08 [TRACE] 正在返回菜单,请保持游戏画面处于前台
2025-07-26 18:08:10 [TRACE] 正在返回菜单,请保持游戏画面处于前台
2025-07-26 18:08:12 [TRACE] 正在返回菜单,请保持游戏画面处于前台
2025-07-26 18:08:14 [TRACE] 正在返回菜单,请保持游戏画面处于前台
2025-07-26 18:08:16 [TRACE] 正在返回菜单,请保持游戏画面处于前台
2025-07-26 18:08:18 [TRACE] 正在返回菜单,请保持游戏画面处于前台
2025-07-26 18:08:20 [TRACE] 正在返回菜单,请保持游戏画面处于前台
2025-07-26 18:08:22 [TRACE] 正在返回菜单,请保持游戏画面处于前台
2025-07-26 18:08:24 [TRACE] 正在返回菜单,请保持游戏画面处于前台
2025-07-26 18:08:26 [TRACE] 正在返回菜单,请保持游戏画面处于前台
2025-07-26 18:08:28 [TRACE] 正在返回菜单,请保持游戏画面处于前台
2025-07-26 18:08:30 [TRACE] 正在返回菜单,请保持游戏画面处于前台
2025-07-26 18:08:32 [TRACE] 正在返回菜单,请保持游戏画面处于前台
2025-07-26 18:08:34 [TRACE] 正在返回菜单,请保持游戏画面处于前台
2025-07-26 18:08:36 [TRACE] 正在返回菜单,请保持游戏画面处于前台
2025-07-26 18:08:38 [TRACE] 正在返回菜单,请保持游戏画面处于前台
2025-07-26 18:08:40 [TRACE] 正在返回菜单,请保持游戏画面处于前台
2025-07-26 18:08:42 [TRACE] 正在返回菜单,请保持游戏画面处于前台
2025-07-26 18:08:44 [TRACE] 正在返回菜单,请保持游戏画面处于前台
2025-07-26 18:08:46 [TRACE] 正在返回菜单,请保持游戏画面处于前台
2025-07-26 18:08:48 [TRACE] 正在返回菜单,请保持游戏画面处于前台
2025-07-26 18:08:50 [TRACE] 正在返回菜单,请保持游戏画面处于前台
2025-07-26 18:08:52 [TRACE] 正在返回菜单,请保持游戏画面处于前台
2025-07-26 18:08:54 [TRACE] 正在返回菜单,请保持游戏画面处于前台
2025-07-26 18:08:56 [TRACE] 正在返回菜单,请保持游戏画面处于前台
2025-07-26 18:08:58 [TRACE] 正在返回菜单,请保持游戏画面处于前台
2025-07-26 18:09:00 [TRACE] 正在返回菜单,请保持游戏画面处于前台
2025-07-26 18:09:02 [TRACE] 正在返回菜单,请保持游戏画面处于前台
2025-07-26 18:09:03 [TRACE] 正在返回菜单,请保持游戏画面处于前台
2025-07-26 18:09:06 [TRACE] 正在返回菜单,请保持游戏画面处于前台
2025-07-26 18:09:07 [TRACE] 正在返回菜单,请保持游戏画面处于前台
2025-07-26 18:09:09 [TRACE] 正在返回菜单,请保持游戏画面处于前台
2025-07-26 18:09:11 [TRACE] 正在返回菜单,请保持游戏画面处于前台
2025-07-26 18:09:13 [TRACE] 正在返回菜单,请保持游戏画面处于前台
2025-07-26 18:09:15 [TRACE] 正在返回菜单,请保持游戏画面处于前台
2025-07-26 18:09:17 [TRACE] 正在返回菜单,请保持游戏画面处于前台
2025-07-26 18:09:19 [TRACE] 正在返回菜单,请保持游戏画面处于前台
2025-07-26 18:09:21 [TRACE] 正在返回菜单,请保持游戏画面处于前台
2025-07-26 18:09:23 [TRACE] 正在返回菜单,请保持游戏画面处于前台
2025-07-26 18:09:25 [TRACE] 正在返回菜单,请保持游戏画面处于前台
2025-07-26 18:09:27 [TRACE] 正在返回菜单,请保持游戏画面处于前台
2025-07-26 18:09:29 [TRACE] 正在返回菜单,请保持游戏画面处于前台
2025-07-26 18:09:31 [TRACE] 正在返回菜单,请保持游戏画面处于前台
2025-07-26 18:09:33 [TRACE] 正在返回菜单,请保持游戏画面处于前台
2025-07-26 18:09:35 [TRACE] 正在返回菜单,请保持游戏画面处于前台
2025-07-26 18:09:37 [TRACE] 正在返回菜单,请保持游戏画面处于前台
2025-07-26 18:09:39 [TRACE] 正在返回菜单,请保持游戏画面处于前台
2025-07-26 18:09:41 [TRACE] 正在返回菜单,请保持游戏画面处于前台
2025-07-26 18:09:43 [TRACE] 正在返回菜单,请保持游戏画面处于前台
2025-07-26 18:09:45 [TRACE] 正在返回菜单,请保持游戏画面处于前台
2025-07-26 18:09:47 [TRACE] 正在返回菜单,请保持游戏画面处于前台
2025-07-26 18:09:49 [TRACE] 正在返回菜单,请保持游戏画面处于前台
2025-07-26 18:09:51 [TRACE] 正在返回菜单,请保持游戏画面处于前台
2025-07-26 18:09:53 [TRACE] 正在返回菜单,请保持游戏画面处于前台
2025-07-26 18:09:55 [TRACE] 正在返回菜单,请保持游戏画面处于前台
2025-07-26 18:09:57 [TRACE] 正在返回菜单,请保持游戏画面处于前台
2025-07-26 18:09:59 [TRACE] 正在返回菜单,请保持游戏画面处于前台
2025-07-26 18:10:01 [TRACE] 正在返回菜单,请保持游戏画面处于前台
2025-07-26 18:10:03 [TRACE] 正在返回菜单,请保持游戏画面处于前台
2025-07-26 18:10:05 [TRACE] 正在返回菜单,请保持游戏画面处于前台
2025-07-26 18:10:07 [TRACE] 正在返回菜单,请保持游戏画面处于前台
2025-07-26 18:10:09 [TRACE] 正在返回菜单,请保持游戏画面处于前台
2025-07-26 18:10:11 [TRACE] 正在返回菜单,请保持游戏画面处于前台
2025-07-26 18:10:13 [TRACE] 正在返回菜单,请保持游戏画面处于前台
2025-07-26 18:10:15 [TRACE] 正在返回菜单,请保持游戏画面处于前台
2025-07-26 18:10:17 [TRACE] 正在返回菜单,请保持游戏画面处于前台
2025-07-26 18:10:19 [TRACE] 正在返回菜单,请保持游戏画面处于前台
2025-07-26 18:10:21 [TRACE] 正在返回菜单,请保持游戏画面处于前台
2025-07-26 18:10:23 [TRACE] 正在返回菜单,请保持游戏画面处于前台
2025-07-26 18:10:25 [TRACE] 正在返回菜单,请保持游戏画面处于前台
2025-07-26 18:10:27 [TRACE] 正在返回菜单,请保持游戏画面处于前台
2025-07-26 18:10:29 [TRACE] 正在返回菜单,请保持游戏画面处于前台
2025-07-26 18:10:31 [TRACE] 正在返回菜单,请保持游戏画面处于前台
2025-07-26 18:10:33 [TRACE] 正在返回菜单,请保持游戏画面处于前台
2025-07-26 18:10:35 [TRACE] 正在返回菜单,请保持游戏画面处于前台
2025-07-26 18:10:37 [TRACE] 正在返回菜单,请保持游戏画面处于前台
2025-07-26 18:10:39 [TRACE] 正在返回菜单,请保持游戏画面处于前台
2025-07-26 18:10:41 [TRACE] 正在返回菜单,请保持游戏画面处于前台
2025-07-26 18:10:43 [TRACE] 正在返回菜单,请保持游戏画面处于前台
2025-07-26 18:10:45 [TRACE] 正在返回菜单,请保持游戏画面处于前台
2025-07-26 18:10:47 [TRACE] 正在返回菜单,请保持游戏画面处于前台
2025-07-26 18:10:48 [ERROR] Traceback (most recent call last):
  File "C:\Users\gelon\Desktop\ZA-Lite\tasks\hollow.py", line 356, in start_hollow
    menu('leave')
    ~~~~^^^^^^^^^
  File "C:\Users\gelon\Desktop\ZA-Lite\tasks\daily.py", line 55, in menu
    pydirectinput.press('esc', )
    ~~~~~~~~~~~~~~~~~~~^^^^^^^^^
  File "C:\Python\Lib\site-packages\pydirectinput\__init__.py", line 242, in wrapper
    returnVal = wrappedFunction(*args, **kwargs)
  File "C:\Python\Lib\site-packages\pydirectinput\__init__.py", line 545, in press
    upped = keyUp(k)
  File "C:\Python\Lib\site-packages\pydirectinput\__init__.py", line 243, in wrapper
    _handlePause(funcArgs.get("_pause"))
    ~~~~~~~~~~~~^^^^^^^^^^^^^^^^^^^^^^^^
  File "C:\Python\Lib\site-packages\pydirectinput\__init__.py", line 232, in _handlePause
    time.sleep(PAUSE)
    ~~~~~~~~~~^^^^^^^
KeyboardInterrupt

2025-07-26 18:10:48 [ERROR] <--------空洞任务发生未知错误-------->
2025-07-26 18:10:48 [DEBUG] 初始化完毕..启动{日常任务}模块
