2025-07-27 16:06:02 [TRACE] 【线程启动】全局监听
2025-07-27 16:06:02 [TRACE] 【线程启动】终止监听
2025-07-27 16:06:07 [WARNING] 有可用的更新！前往更新器获取 <1.0.4> 
2025-07-27 16:06:12 [DEBUG] 权限检查通过
2025-07-27 16:06:13 [DEBUG] 跳过零号空洞
2025-07-27 16:06:15 [DEBUG] 初始化完毕..启动{日常任务}模块
2025-07-27 16:06:17 [SUCCESS] 程序开始接管操作，请保持游戏画面处于前台，终止按下Alt键
2025-07-27 16:06:20 [DEBUG] 启动游戏：D:/Game Files/ZenlessZoneZero Game/ZenlessZoneZero.exe
2025-07-27 16:06:25 [DEBUG] 正在返回菜单
2025-07-27 16:06:25 [TRACE] 正在返回菜单,请保持游戏画面处于前台
2025-07-27 16:06:27 [TRACE] 正在返回菜单,请保持游戏画面处于前台
2025-07-27 16:06:29 [TRACE] 正在返回菜单,请保持游戏画面处于前台
2025-07-27 16:06:31 [TRACE] 正在返回菜单,请保持游戏画面处于前台
2025-07-27 16:06:33 [TRACE] 正在返回菜单,请保持游戏画面处于前台
2025-07-27 16:06:35 [TRACE] 正在返回菜单,请保持游戏画面处于前台
2025-07-27 16:06:37 [TRACE] 正在返回菜单,请保持游戏画面处于前台
2025-07-27 16:06:39 [TRACE] 正在返回菜单,请保持游戏画面处于前台
2025-07-27 16:06:41 [TRACE] 正在返回菜单,请保持游戏画面处于前台
2025-07-27 16:06:43 [TRACE] 正在返回菜单,请保持游戏画面处于前台
2025-07-27 16:06:45 [TRACE] 正在返回菜单,请保持游戏画面处于前台
2025-07-27 16:06:47 [TRACE] 正在返回菜单,请保持游戏画面处于前台
2025-07-27 16:06:49 [TRACE] 正在返回菜单,请保持游戏画面处于前台
2025-07-27 16:06:51 [TRACE] 正在返回菜单,请保持游戏画面处于前台
2025-07-27 16:06:53 [TRACE] 正在返回菜单,请保持游戏画面处于前台
2025-07-27 16:06:55 [TRACE] 正在返回菜单,请保持游戏画面处于前台
2025-07-27 16:06:57 [TRACE] 正在返回菜单,请保持游戏画面处于前台
2025-07-27 16:06:59 [TRACE] 正在返回菜单,请保持游戏画面处于前台
2025-07-27 16:07:01 [TRACE] 正在返回菜单,请保持游戏画面处于前台
2025-07-27 16:07:03 [TRACE] 正在返回菜单,请保持游戏画面处于前台
2025-07-27 16:07:05 [TRACE] 正在返回菜单,请保持游戏画面处于前台
2025-07-27 16:07:07 [TRACE] 正在返回菜单,请保持游戏画面处于前台
2025-07-27 16:07:09 [TRACE] 正在返回菜单,请保持游戏画面处于前台
2025-07-27 16:07:11 [TRACE] 正在返回菜单,请保持游戏画面处于前台
2025-07-27 16:07:12 [TRACE] 正在返回菜单,请保持游戏画面处于前台
2025-07-27 16:07:14 [TRACE] 正在返回菜单,请保持游戏画面处于前台
2025-07-27 16:07:17 [TRACE] 正在返回菜单,请保持游戏画面处于前台
2025-07-27 16:07:19 [TRACE] 现在处于主菜单
2025-07-27 16:07:19 [INFO] 电量剩余：9
2025-07-27 16:07:19 [SUCCESS] <--------每日任务结束-------->
2025-07-27 16:07:19 [WARNING] 程序已经结束，按回车键退出(Enter)
