2025-07-27 16:14:21 [TRACE] 【线程启动】全局监听
2025-07-27 16:14:21 [TRACE] 【线程启动】终止监听
2025-07-27 16:14:21 [DEBUG] 初始化完毕..启动{日常任务}模块
2025-07-27 16:14:24 [DEBUG] 启动游戏：D:/Game Files/ZenlessZoneZero Game/ZenlessZoneZero.exe
2025-07-27 16:14:28 [SUCCESS] 程序开始接管操作，请保持游戏画面处于前台，终止按下Alt键
2025-07-27 16:14:28 [DEBUG] 正在返回菜单
2025-07-27 16:14:28 [TRACE] 正在返回菜单,请保持游戏画面处于前台
2025-07-27 16:14:30 [TRACE] 正在返回菜单,请保持游戏画面处于前台
2025-07-27 16:14:32 [TRACE] 正在返回菜单,请保持游戏画面处于前台
2025-07-27 16:14:34 [TRACE] 正在返回菜单,请保持游戏画面处于前台
2025-07-27 16:14:36 [TRACE] 正在返回菜单,请保持游戏画面处于前台
2025-07-27 16:14:38 [TRACE] 正在返回菜单,请保持游戏画面处于前台
2025-07-27 16:14:40 [TRACE] 正在返回菜单,请保持游戏画面处于前台
2025-07-27 16:14:42 [TRACE] 正在返回菜单,请保持游戏画面处于前台
2025-07-27 16:14:44 [TRACE] 正在返回菜单,请保持游戏画面处于前台
2025-07-27 16:14:46 [TRACE] 正在返回菜单,请保持游戏画面处于前台
2025-07-27 16:14:48 [TRACE] 正在返回菜单,请保持游戏画面处于前台
2025-07-27 16:14:50 [TRACE] 正在返回菜单,请保持游戏画面处于前台
2025-07-27 16:14:52 [TRACE] 正在返回菜单,请保持游戏画面处于前台
2025-07-27 16:14:54 [TRACE] 正在返回菜单,请保持游戏画面处于前台
2025-07-27 16:14:56 [TRACE] 正在返回菜单,请保持游戏画面处于前台
