2025-07-26 16:26:03 [DEBUG] 今日执行 1 次零号空洞
2025-07-26 16:26:03 [DEBUG] 初始化完毕..启动{零号空洞}模块
2025-07-26 16:26:03 [DEBUG] 发现已存在的游戏窗口
2025-07-26 16:26:09 [SUCCESS] 程序开始接管操作，请保持游戏画面处于前台，终止按下Alt键
2025-07-26 16:26:09 [TRACE] 【线程启动】空洞搜索
2025-07-26 16:26:09 [TRACE] 【线程启动】空洞监听
2025-07-26 16:26:09 [TRACE] 【线程启动】空洞战斗
2025-07-26 16:26:09 [DEBUG] 正在返回菜单
2025-07-26 16:26:09 [TRACE] 正在返回菜单,请保持游戏画面处于前台
2025-07-26 16:26:11 [TRACE] 退出战斗返回菜单
2025-07-26 16:26:11 [TRACE] 【目标出现】C:\Users\gelon\Desktop\ZA-Lite\assets/images/daily\quit_battle.png 置信度：0.993864893913269
2025-07-26 16:26:12 [TRACE] 【目标出现】C:\Users\gelon\Desktop\ZA-Lite\assets/images/daily\confirm.png 置信度：0.9839571714401245
2025-07-26 16:26:14 [TRACE] 【1】等待目标中 C:\Users\gelon\Desktop\ZA-Lite\assets/images/daily\quit.png
2025-07-26 16:26:14 [TRACE] 【2】等待目标中 C:\Users\gelon\Desktop\ZA-Lite\assets/images/daily\quit.png
2025-07-26 16:26:15 [TRACE] 【3】等待目标中 C:\Users\gelon\Desktop\ZA-Lite\assets/images/daily\quit.png
2025-07-26 16:26:15 [TRACE] 【4】等待目标中 C:\Users\gelon\Desktop\ZA-Lite\assets/images/daily\quit.png
2025-07-26 16:26:16 [TRACE] 【5】等待目标中 C:\Users\gelon\Desktop\ZA-Lite\assets/images/daily\quit.png
2025-07-26 16:26:17 [TRACE] 【6】等待目标中 C:\Users\gelon\Desktop\ZA-Lite\assets/images/daily\quit.png
2025-07-26 16:26:17 [TRACE] 【7】等待目标中 C:\Users\gelon\Desktop\ZA-Lite\assets/images/daily\quit.png
2025-07-26 16:26:18 [TRACE] 【8】等待目标中 C:\Users\gelon\Desktop\ZA-Lite\assets/images/daily\quit.png
2025-07-26 16:26:18 [TRACE] 【跳过】C:\Users\gelon\Desktop\ZA-Lite\assets/images/daily\quit.png
2025-07-26 16:26:18 [TRACE] 【目标出现】C:\Users\gelon\Desktop\ZA-Lite\assets/images/hollow/mission_completed.png 置信度：0.9999998211860657
2025-07-26 16:26:20 [TRACE] 正在返回菜单,请保持游戏画面处于前台
2025-07-26 16:26:22 [TRACE] 正在返回菜单,请保持游戏画面处于前台
2025-07-26 16:26:24 [TRACE] 正在返回菜单,请保持游戏画面处于前台
2025-07-26 16:26:26 [TRACE] 正在返回菜单,请保持游戏画面处于前台
2025-07-26 16:26:28 [TRACE] 正在返回菜单,请保持游戏画面处于前台
2025-07-26 16:26:30 [TRACE] 现在处于大厅
2025-07-26 16:26:30 [INFO] 执行零号空洞任务中
2025-07-26 16:26:31 [TRACE] 【1】等待目标中 C:\Users\gelon\Desktop\ZA-Lite\assets/images/hollow\combat.png
2025-07-26 16:26:31 [TRACE] 【目标出现】C:\Users\gelon\Desktop\ZA-Lite\assets/images/hollow\combat.png 置信度：0.9762904047966003
2025-07-26 16:26:32 [TRACE] 【目标出现】C:\Users\gelon\Desktop\ZA-Lite\assets/images/hollow\zero_hollow.png 置信度：0.9999943375587463
2025-07-26 16:26:34 [TRACE] 【目标出现】C:\Users\gelon\Desktop\ZA-Lite\assets/images/hollow\go_hollow.png 置信度：0.9946953654289246
2025-07-26 16:26:35 [TRACE] 【目标出现】C:\Users\gelon\Desktop\ZA-Lite\assets/images/hollow\confirm.png 置信度：0.9839511513710022
2025-07-26 16:26:36 [TRACE] 【1】等待目标中 C:\Users\gelon\Desktop\ZA-Lite\assets/images/hollow\hollow_taskforce.png
2025-07-26 16:26:37 [TRACE] 【2】等待目标中 C:\Users\gelon\Desktop\ZA-Lite\assets/images/hollow\hollow_taskforce.png
2025-07-26 16:26:38 [TRACE] 【3】等待目标中 C:\Users\gelon\Desktop\ZA-Lite\assets/images/hollow\hollow_taskforce.png
2025-07-26 16:26:38 [TRACE] 【目标出现】C:\Users\gelon\Desktop\ZA-Lite\assets/images/hollow\hollow_taskforce.png 置信度：0.9999805688858032
2025-07-26 16:26:39 [TRACE] 【目标出现】C:\Users\gelon\Desktop\ZA-Lite\assets/images/hollow\strategy.png 置信度：0.9999997019767761
2025-07-26 16:26:40 [TRACE] 【1】等待目标中 C:\Users\gelon\Desktop\ZA-Lite\assets/images/hollow\strategy_confirm.png
2025-07-26 16:26:41 [TRACE] 【目标出现】C:\Users\gelon\Desktop\ZA-Lite\assets/images/hollow\strategy_confirm.png 置信度：1.0
2025-07-26 16:26:42 [TRACE] 【目标出现】C:\Users\gelon\Desktop\ZA-Lite\assets/images/hollow\next_step.png 置信度：0.98627108335495
2025-07-26 16:26:44 [TRACE] 【目标出现】C:\Users\gelon\Desktop\ZA-Lite\assets/images/daily\squad_preset.png 置信度：0.9862321615219116
2025-07-26 16:26:45 [TRACE] 【目标出现】C:\Users\gelon\Desktop\ZA-Lite\assets/images/daily\squad_5.png 置信度：0.9666854739189148
2025-07-26 16:26:46 [TRACE] 【目标出现】C:\Users\gelon\Desktop\ZA-Lite\assets/images/daily\select_squad.png 置信度：0.9693976044654846
2025-07-26 16:26:47 [TRACE] 【目标出现】C:\Users\gelon\Desktop\ZA-Lite\assets/images/hollow\start_battle.png 置信度：0.9854022264480591
2025-07-26 16:26:48 [TRACE] 【空洞监听】无匹配已持续：0秒
2025-07-26 16:26:49 [TRACE] 【目标检测】目标存在，但置信度不足
2025-07-26 16:26:49 [TRACE] 【目标检测】目标存在，但置信度不足
2025-07-26 16:26:50 [TRACE] 【目标检测】屏幕内没有目标
2025-07-26 16:26:50 [TRACE] 【目标检测】目标存在，但置信度不足
2025-07-26 16:26:51 [TRACE] 【目标检测】屏幕内没有目标
2025-07-26 16:26:51 [TRACE] 【目标检测】屏幕内没有目标
2025-07-26 16:26:51 [ERROR] 【线程错误】Thread-4 (hollow_listener)

Traceback (most recent call last):
  File "C:\Python\Lib\threading.py", line 1041, in _bootstrap_inner
    self.run()
    ~~~~~~~~^^
  File "C:\Python\Lib\threading.py", line 992, in run
    self._target(*self._args, **self._kwargs)
    ~~~~~~~~~~~~^^^^^^^^^^^^^^^^^^^^^^^^^^^^^
  File "C:\Users\gelon\Desktop\ZA-Lite\tasks\hollow.py", line 68, in hollow_listener
    template_gray = cv2.cvtColor(cv2.imread(tpl), cv2.COLOR_BGR2GRAY)  # 模板BGR转灰度图
                                 ~~~~~~~~~~^^^^^
  File "C:\Python\Lib\site-packages\ultralytics\utils\patches.py", line 26, in imread
    return cv2.imdecode(np.fromfile(filename, np.uint8), flags)
                        ~~~~~~~~~~~^^^^^^^^^^^^^^^^^^^^
FileNotFoundError: [Errno 2] No such file or directory: 'C:\\Users\\gelon\\Desktop\\ZA-Lite\\assets/images/hollow\\multi_co111nfirm.png'

2025-07-26 16:26:51 [TRACE] 【目标检测】屏幕内没有目标
2025-07-26 16:26:52 [TRACE] 【目标检测】屏幕内没有目标
2025-07-26 16:26:53 [TRACE] 【目标检测】屏幕内没有目标
2025-07-26 16:26:53 [TRACE] 【目标检测】屏幕内没有目标
2025-07-26 16:26:54 [TRACE] 【目标检测】屏幕内没有目标
2025-07-26 16:26:54 [TRACE] 【目标检测】屏幕内没有目标
2025-07-26 16:26:54 [TRACE] 【目标检测】屏幕内没有目标
2025-07-26 16:26:56 [TRACE] 【目标检测】屏幕内没有目标
2025-07-26 16:26:56 [TRACE] 【目标检测】屏幕内没有目标
2025-07-26 16:26:57 [TRACE] 【目标检测】屏幕内没有目标
2025-07-26 16:26:57 [TRACE] 【目标检测】屏幕内没有目标
2025-07-26 16:26:57 [TRACE] 【目标检测】屏幕内没有目标
2025-07-26 16:26:59 [TRACE] 【目标检测】屏幕内没有目标
2025-07-26 16:26:59 [TRACE] 【目标检测】屏幕内没有目标
2025-07-26 16:26:59 [TRACE] 【目标检测】屏幕内没有目标
2025-07-26 16:27:00 [TRACE] 【目标检测】屏幕内没有目标
2025-07-26 16:27:00 [TRACE] 【目标检测】屏幕内没有目标
2025-07-26 16:27:02 [TRACE] 【目标检测】屏幕内没有目标
2025-07-26 16:27:02 [TRACE] 【目标检测】屏幕内没有目标
2025-07-26 16:27:02 [TRACE] 【目标检测】屏幕内没有目标
2025-07-26 16:27:03 [TRACE] 【目标检测】屏幕内没有目标
2025-07-26 16:27:03 [TRACE] 【目标检测】屏幕内没有目标
2025-07-26 16:27:04 [TRACE] 【目标检测】屏幕内没有目标
2025-07-26 16:27:05 [TRACE] 【目标检测】屏幕内没有目标
2025-07-26 16:27:05 [TRACE] 【目标检测】屏幕内没有目标
2025-07-26 16:27:05 [TRACE] 【目标检测】屏幕内没有目标
2025-07-26 16:27:06 [TRACE] 【目标检测】屏幕内没有目标
2025-07-26 16:27:07 [TRACE] 【目标检测】屏幕内没有目标
2025-07-26 16:27:08 [TRACE] 【目标检测】屏幕内没有目标
2025-07-26 16:27:09 [TRACE] 【目标检测】TRAPPED！ 类型：interact 置信度：0.9188371300697327
2025-07-26 16:27:14 [TRACE] 【目标检测】屏幕内没有目标
2025-07-26 16:27:15 [TRACE] 【目标检测】屏幕内没有目标
2025-07-26 16:27:15 [TRACE] 【目标检测】屏幕内没有目标
2025-07-26 16:27:15 [TRACE] 【目标检测】屏幕内没有目标
2025-07-26 16:27:16 [TRACE] 【目标检测】屏幕内没有目标
2025-07-26 16:27:17 [TRACE] 【目标检测】屏幕内没有目标
2025-07-26 16:27:17 [TRACE] 【目标检测】屏幕内没有目标
2025-07-26 16:27:18 [TRACE] 【目标检测】屏幕内没有目标
2025-07-26 16:27:18 [TRACE] 【目标检测】屏幕内没有目标
2025-07-26 16:27:18 [TRACE] 【目标检测】屏幕内没有目标
2025-07-26 16:27:20 [TRACE] 【目标检测】目标存在，但置信度不足
2025-07-26 16:27:20 [TRACE] 【目标检测】屏幕内没有目标
2025-07-26 16:27:21 [TRACE] 【目标检测】目标存在，但置信度不足
2025-07-26 16:27:21 [TRACE] 【目标检测】屏幕内没有目标
2025-07-26 16:27:21 [TRACE] 【目标检测】屏幕内没有目标
2025-07-26 16:27:22 [TRACE] 【目标检测】屏幕内没有目标
2025-07-26 16:27:22 [TRACE] 【目标检测】屏幕内没有目标
2025-07-26 16:27:24 [TRACE] 【目标检测】屏幕内没有目标
2025-07-26 16:27:24 [TRACE] 【目标检测】屏幕内没有目标
2025-07-26 16:27:24 [TRACE] 【目标检测】屏幕内没有目标
2025-07-26 16:27:25 [TRACE] 【目标检测】屏幕内没有目标
2025-07-26 16:27:25 [TRACE] 【目标检测】屏幕内没有目标
