2025-07-27 13:19:07 [TRACE] 【线程启动】全局监听
2025-07-27 13:19:07 [TRACE] 【线程启动】终止监听
2025-07-27 13:19:07 [DEBUG] 正在返回菜单
2025-07-27 13:19:07 [TRACE] 正在返回菜单,请保持游戏画面处于前台
2025-07-27 13:19:09 [TRACE] 正在返回菜单,请保持游戏画面处于前台
2025-07-27 13:19:11 [TRACE] 正在返回菜单,请保持游戏画面处于前台
2025-07-27 13:19:13 [TRACE] 正在返回菜单,请保持游戏画面处于前台
2025-07-27 13:19:15 [TRACE] 正在返回菜单,请保持游戏画面处于前台
2025-07-27 13:19:17 [TRACE] 正在返回菜单,请保持游戏画面处于前台
2025-07-27 13:19:19 [TRACE] 正在返回菜单,请保持游戏画面处于前台
2025-07-27 13:19:21 [TRACE] 正在返回菜单,请保持游戏画面处于前台
2025-07-27 13:19:23 [TRACE] 正在返回菜单,请保持游戏画面处于前台
2025-07-27 13:19:25 [TRACE] 正在返回菜单,请保持游戏画面处于前台
2025-07-27 13:19:27 [TRACE] 正在返回菜单,请保持游戏画面处于前台
2025-07-27 13:19:29 [TRACE] 正在返回菜单,请保持游戏画面处于前台
2025-07-27 13:19:31 [TRACE] 正在返回菜单,请保持游戏画面处于前台
2025-07-27 13:19:33 [TRACE] 正在返回菜单,请保持游戏画面处于前台
2025-07-27 13:19:35 [TRACE] 正在返回菜单,请保持游戏画面处于前台
2025-07-27 13:19:37 [TRACE] 正在返回菜单,请保持游戏画面处于前台
2025-07-27 13:19:40 [TRACE] 正在返回菜单,请保持游戏画面处于前台
2025-07-27 13:19:42 [TRACE] 正在返回菜单,请保持游戏画面处于前台
2025-07-27 13:19:44 [TRACE] 正在返回菜单,请保持游戏画面处于前台
2025-07-27 13:19:46 [TRACE] 退出战斗返回菜单
2025-07-27 13:19:46 [TRACE] 【目标出现】C:\Users\gelon\Desktop\ZA-Lite\assets/images/daily\quit_battle.png 置信度：0.9938648343086243
2025-07-27 13:19:47 [TRACE] 【目标出现】C:\Users\gelon\Desktop\ZA-Lite\assets/images/daily\confirm.png 置信度：0.9839412569999695
2025-07-27 13:19:48 [TRACE] 【1】等待目标中 C:\Users\gelon\Desktop\ZA-Lite\assets/images/daily\quit.png
2025-07-27 13:19:49 [TRACE] 【2】等待目标中 C:\Users\gelon\Desktop\ZA-Lite\assets/images/daily\quit.png
2025-07-27 13:19:50 [TRACE] 【3】等待目标中 C:\Users\gelon\Desktop\ZA-Lite\assets/images/daily\quit.png
2025-07-27 13:19:50 [TRACE] 【4】等待目标中 C:\Users\gelon\Desktop\ZA-Lite\assets/images/daily\quit.png
2025-07-27 13:19:51 [TRACE] 【5】等待目标中 C:\Users\gelon\Desktop\ZA-Lite\assets/images/daily\quit.png
2025-07-27 13:19:52 [TRACE] 【6】等待目标中 C:\Users\gelon\Desktop\ZA-Lite\assets/images/daily\quit.png
2025-07-27 13:19:52 [TRACE] 【7】等待目标中 C:\Users\gelon\Desktop\ZA-Lite\assets/images/daily\quit.png
2025-07-27 13:19:53 [TRACE] 【8】等待目标中 C:\Users\gelon\Desktop\ZA-Lite\assets/images/daily\quit.png
2025-07-27 13:19:53 [TRACE] 【跳过】C:\Users\gelon\Desktop\ZA-Lite\assets/images/daily\quit.png
2025-07-27 13:19:54 [TRACE] 【目标出现】C:\Users\gelon\Desktop\ZA-Lite\assets/images/hollow/mission_completed.png 置信度：0.9999997019767761
2025-07-27 13:19:55 [TRACE] 正在返回菜单,请保持游戏画面处于前台
2025-07-27 13:19:57 [TRACE] 正在返回菜单,请保持游戏画面处于前台
2025-07-27 13:19:59 [TRACE] 正在返回菜单,请保持游戏画面处于前台
2025-07-27 13:20:01 [TRACE] 正在返回菜单,请保持游戏画面处于前台
