2025-07-27 13:20:21 [TRACE] 【线程启动】全局监听
2025-07-27 13:20:21 [TRACE] 【线程启动】终止监听
2025-07-27 13:20:21 [DEBUG] 正在返回菜单
2025-07-27 13:20:22 [TRACE] 正在返回菜单,请保持游戏画面处于前台
2025-07-27 13:20:24 [TRACE] 正在返回菜单,请保持游戏画面处于前台
2025-07-27 13:20:26 [TRACE] 正在返回菜单,请保持游戏画面处于前台
2025-07-27 13:20:28 [TRACE] 正在返回菜单,请保持游戏画面处于前台
2025-07-27 13:20:30 [TRACE] 正在返回菜单,请保持游戏画面处于前台
2025-07-27 13:20:32 [TRACE] 正在返回菜单,请保持游戏画面处于前台
2025-07-27 13:20:34 [TRACE] 正在返回菜单,请保持游戏画面处于前台
2025-07-27 13:20:36 [TRACE] 正在返回菜单,请保持游戏画面处于前台
2025-07-27 13:20:38 [TRACE] 正在返回菜单,请保持游戏画面处于前台
2025-07-27 13:20:40 [TRACE] 正在返回菜单,请保持游戏画面处于前台
2025-07-27 13:20:42 [TRACE] 退出战斗返回菜单
2025-07-27 13:20:42 [TRACE] 【目标出现】C:\Users\gelon\Desktop\ZA-Lite\assets/images/daily\quit_battle.png 置信度：0.9938649535179138
2025-07-27 13:20:43 [TRACE] 【目标出现】C:\Users\gelon\Desktop\ZA-Lite\assets/images/daily\confirm.png 置信度：0.9839412569999695
2025-07-27 13:20:45 [TRACE] 【1】等待目标中 C:\Users\gelon\Desktop\ZA-Lite\assets/images/daily\quit.png
2025-07-27 13:20:45 [TRACE] 【2】等待目标中 C:\Users\gelon\Desktop\ZA-Lite\assets/images/daily\quit.png
2025-07-27 13:20:46 [TRACE] 【3】等待目标中 C:\Users\gelon\Desktop\ZA-Lite\assets/images/daily\quit.png
2025-07-27 13:20:46 [TRACE] 【4】等待目标中 C:\Users\gelon\Desktop\ZA-Lite\assets/images/daily\quit.png
2025-07-27 13:20:47 [TRACE] 【5】等待目标中 C:\Users\gelon\Desktop\ZA-Lite\assets/images/daily\quit.png
2025-07-27 13:20:48 [TRACE] 【6】等待目标中 C:\Users\gelon\Desktop\ZA-Lite\assets/images/daily\quit.png
2025-07-27 13:20:48 [TRACE] 【7】等待目标中 C:\Users\gelon\Desktop\ZA-Lite\assets/images/daily\quit.png
2025-07-27 13:20:49 [TRACE] 【8】等待目标中 C:\Users\gelon\Desktop\ZA-Lite\assets/images/daily\quit.png
2025-07-27 13:20:49 [TRACE] 【跳过】C:\Users\gelon\Desktop\ZA-Lite\assets/images/daily\quit.png
2025-07-27 13:20:50 [TRACE] 【目标出现】C:\Users\gelon\Desktop\ZA-Lite\assets/images/hollow/mission_completed.png 置信度：0.9999997019767761
2025-07-27 13:20:51 [TRACE] 正在返回菜单,请保持游戏画面处于前台
2025-07-27 13:20:53 [TRACE] 正在返回菜单,请保持游戏画面处于前台
