2025-07-27 16:08:12 [TRACE] 【线程启动】全局监听
2025-07-27 16:08:12 [TRACE] 【线程启动】终止监听
2025-07-27 16:08:12 [DEBUG] 初始化完毕..启动{日常任务}模块
2025-07-27 16:08:14 [SUCCESS] 程序开始接管操作，请保持游戏画面处于前台，终止按下Alt键
2025-07-27 16:08:17 [DEBUG] 启动游戏：D:/Game Files/ZenlessZoneZero Game/ZenlessZoneZero.exe
2025-07-27 16:08:20 [DEBUG] 正在返回菜单
2025-07-27 16:08:20 [TRACE] 正在返回菜单,请保持游戏画面处于前台
2025-07-27 16:08:22 [TRACE] 正在返回菜单,请保持游戏画面处于前台
2025-07-27 16:08:24 [TRACE] 正在返回菜单,请保持游戏画面处于前台
2025-07-27 16:08:26 [TRACE] 正在返回菜单,请保持游戏画面处于前台
2025-07-27 16:08:28 [TRACE] 正在返回菜单,请保持游戏画面处于前台
2025-07-27 16:08:30 [TRACE] 正在返回菜单,请保持游戏画面处于前台
2025-07-27 16:08:32 [TRACE] 正在返回菜单,请保持游戏画面处于前台
2025-07-27 16:08:34 [TRACE] 正在返回菜单,请保持游戏画面处于前台
2025-07-27 16:08:36 [TRACE] 正在返回菜单,请保持游戏画面处于前台
2025-07-27 16:08:38 [TRACE] 正在返回菜单,请保持游戏画面处于前台
2025-07-27 16:08:40 [TRACE] 正在返回菜单,请保持游戏画面处于前台
2025-07-27 16:08:42 [TRACE] 正在返回菜单,请保持游戏画面处于前台
2025-07-27 16:08:44 [TRACE] 正在返回菜单,请保持游戏画面处于前台
2025-07-27 16:08:46 [TRACE] 正在返回菜单,请保持游戏画面处于前台
2025-07-27 16:08:48 [TRACE] 正在返回菜单,请保持游戏画面处于前台
2025-07-27 16:08:50 [TRACE] 正在返回菜单,请保持游戏画面处于前台
2025-07-27 16:08:52 [TRACE] 正在返回菜单,请保持游戏画面处于前台
2025-07-27 16:08:54 [TRACE] 正在返回菜单,请保持游戏画面处于前台
2025-07-27 16:08:56 [TRACE] 正在返回菜单,请保持游戏画面处于前台
2025-07-27 16:08:58 [TRACE] 正在返回菜单,请保持游戏画面处于前台
2025-07-27 16:09:00 [TRACE] 正在返回菜单,请保持游戏画面处于前台
2025-07-27 16:09:02 [TRACE] 正在返回菜单,请保持游戏画面处于前台
2025-07-27 16:09:04 [TRACE] 正在返回菜单,请保持游戏画面处于前台
2025-07-27 16:09:06 [TRACE] 正在返回菜单,请保持游戏画面处于前台
2025-07-27 16:09:08 [TRACE] 正在返回菜单,请保持游戏画面处于前台
2025-07-27 16:09:10 [TRACE] 正在返回菜单,请保持游戏画面处于前台
2025-07-27 16:09:12 [TRACE] 正在返回菜单,请保持游戏画面处于前台
2025-07-27 16:09:14 [TRACE] 现在处于主菜单
2025-07-27 16:09:14 [INFO] 电量剩余：9，距离回满还有 19.25 个小时
2025-07-27 16:09:14 [SUCCESS] <--------每日任务结束-------->
2025-07-27 16:09:14 [WARNING] 程序已经结束，按回车键退出(Enter)
