2025-07-26 12:22:09 [DEBUG] 今日执行 1 次零号空洞
2025-07-26 12:22:09 [DEBUG] 初始化完毕..启动{零号空洞}模块
2025-07-26 12:22:09 [DEBUG] 发现已存在的游戏窗口
2025-07-26 12:22:15 [SUCCESS] 程序开始接管操作，请保持游戏画面处于前台，终止按下Alt键
2025-07-26 12:22:15 [TRACE] 【线程启动】空洞搜索
2025-07-26 12:22:15 [TRACE] 【线程启动】空洞监听
2025-07-26 12:22:15 [TRACE] 【线程启动】空洞战斗
2025-07-26 12:22:15 [DEBUG] 正在返回菜单
2025-07-26 12:22:15 [TRACE] 正在返回菜单,请保持游戏画面处于前台
2025-07-26 12:22:17 [TRACE] 退出战斗返回菜单
2025-07-26 12:22:17 [TRACE] 【目标出现】C:\Users\gelon\Desktop\ZA-Lite\assets/images/daily\quit_battle.png 置信度：0.9938649535179138
2025-07-26 12:22:18 [TRACE] 【目标出现】C:\Users\gelon\Desktop\ZA-Lite\assets/images/daily\confirm.png 置信度：0.9839520454406738
2025-07-26 12:22:20 [TRACE] 【1】等待目标中 C:\Users\gelon\Desktop\ZA-Lite\assets/images/daily\quit.png
2025-07-26 12:22:20 [TRACE] 【2】等待目标中 C:\Users\gelon\Desktop\ZA-Lite\assets/images/daily\quit.png
2025-07-26 12:22:21 [TRACE] 【3】等待目标中 C:\Users\gelon\Desktop\ZA-Lite\assets/images/daily\quit.png
2025-07-26 12:22:21 [TRACE] 【4】等待目标中 C:\Users\gelon\Desktop\ZA-Lite\assets/images/daily\quit.png
2025-07-26 12:22:22 [TRACE] 【5】等待目标中 C:\Users\gelon\Desktop\ZA-Lite\assets/images/daily\quit.png
2025-07-26 12:22:23 [TRACE] 【6】等待目标中 C:\Users\gelon\Desktop\ZA-Lite\assets/images/daily\quit.png
2025-07-26 12:22:23 [TRACE] 【7】等待目标中 C:\Users\gelon\Desktop\ZA-Lite\assets/images/daily\quit.png
2025-07-26 12:22:24 [TRACE] 【8】等待目标中 C:\Users\gelon\Desktop\ZA-Lite\assets/images/daily\quit.png
2025-07-26 12:22:24 [TRACE] 【跳过】C:\Users\gelon\Desktop\ZA-Lite\assets/images/daily\quit.png
2025-07-26 12:22:24 [TRACE] 【目标出现】C:\Users\gelon\Desktop\ZA-Lite\assets/images/hollow/mission_completed.png 置信度：0.9999998211860657
2025-07-26 12:22:26 [TRACE] 正在返回菜单,请保持游戏画面处于前台
2025-07-26 12:22:28 [TRACE] 正在返回菜单,请保持游戏画面处于前台
2025-07-26 12:22:30 [TRACE] 正在返回菜单,请保持游戏画面处于前台
2025-07-26 12:22:32 [TRACE] 正在返回菜单,请保持游戏画面处于前台
2025-07-26 12:22:34 [TRACE] 正在返回菜单,请保持游戏画面处于前台
2025-07-26 12:22:36 [TRACE] 正在返回菜单,请保持游戏画面处于前台
2025-07-26 12:22:38 [TRACE] 现在处于大厅
2025-07-26 12:22:38 [INFO] 执行零号空洞任务中
2025-07-26 12:22:38 [TRACE] 【1】等待目标中 C:\Users\gelon\Desktop\ZA-Lite\assets/images/hollow\combat.png
2025-07-26 12:22:39 [TRACE] 【目标出现】C:\Users\gelon\Desktop\ZA-Lite\assets/images/hollow\combat.png 置信度：0.9763177633285522
2025-07-26 12:22:40 [TRACE] 【目标出现】C:\Users\gelon\Desktop\ZA-Lite\assets/images/hollow\zero_hollow.png 置信度：0.9999943375587463
2025-07-26 12:22:42 [TRACE] 【目标出现】C:\Users\gelon\Desktop\ZA-Lite\assets/images/hollow\go_hollow.png 置信度：0.9946988224983215
2025-07-26 12:22:43 [TRACE] 【目标出现】C:\Users\gelon\Desktop\ZA-Lite\assets/images/hollow\confirm.png 置信度：0.9839429259300232
2025-07-26 12:22:44 [TRACE] 【1】等待目标中 C:\Users\gelon\Desktop\ZA-Lite\assets/images/hollow\hollow_taskforce.png
2025-07-26 12:22:45 [TRACE] 【2】等待目标中 C:\Users\gelon\Desktop\ZA-Lite\assets/images/hollow\hollow_taskforce.png
2025-07-26 12:22:45 [TRACE] 【3】等待目标中 C:\Users\gelon\Desktop\ZA-Lite\assets/images/hollow\hollow_taskforce.png
2025-07-26 12:22:46 [TRACE] 【目标出现】C:\Users\gelon\Desktop\ZA-Lite\assets/images/hollow\hollow_taskforce.png 置信度：0.9999762773513794
2025-07-26 12:22:47 [TRACE] 【目标出现】C:\Users\gelon\Desktop\ZA-Lite\assets/images/hollow\strategy.png 置信度：0.9999997019767761
2025-07-26 12:22:48 [TRACE] 【1】等待目标中 C:\Users\gelon\Desktop\ZA-Lite\assets/images/hollow\strategy_confirm.png
2025-07-26 12:22:49 [TRACE] 【目标出现】C:\Users\gelon\Desktop\ZA-Lite\assets/images/hollow\strategy_confirm.png 置信度：1.0
2025-07-26 12:22:50 [TRACE] 【目标出现】C:\Users\gelon\Desktop\ZA-Lite\assets/images/hollow\next_step.png 置信度：0.9864039421081543
2025-07-26 12:22:51 [TRACE] 【目标出现】C:\Users\gelon\Desktop\ZA-Lite\assets/images/daily\squad_preset.png 置信度：0.9862310886383057
2025-07-26 12:22:53 [TRACE] 【目标出现】C:\Users\gelon\Desktop\ZA-Lite\assets/images/daily\squad_6.png 置信度：0.956285297870636
2025-07-26 12:22:54 [TRACE] 【目标出现】C:\Users\gelon\Desktop\ZA-Lite\assets/images/daily\select_squad.png 置信度：0.9692115187644958
2025-07-26 12:22:55 [TRACE] 【目标出现】C:\Users\gelon\Desktop\ZA-Lite\assets/images/hollow\start_battle.png 置信度：0.9822839498519897
2025-07-26 12:22:56 [TRACE] 【空洞监听】无匹配已持续：0秒
2025-07-26 12:22:57 [TRACE] 【目标检测】屏幕内没有目标
2025-07-26 12:22:57 [TRACE] 【目标检测】屏幕内没有目标
2025-07-26 12:22:57 [TRACE] 【目标检测】屏幕内没有目标
2025-07-26 12:22:58 [TRACE] 【目标检测】屏幕内没有目标
2025-07-26 12:22:58 [TRACE] 【目标检测】屏幕内没有目标
2025-07-26 12:22:59 [TRACE] 【空洞监听】无匹配已持续：2秒
2025-07-26 12:23:00 [TRACE] 【目标检测】屏幕内没有目标
2025-07-26 12:23:00 [TRACE] 【目标检测】屏幕内没有目标
2025-07-26 12:23:01 [TRACE] 【目标检测】屏幕内没有目标
2025-07-26 12:23:01 [TRACE] 【空洞监听】无匹配已持续：4秒
2025-07-26 12:23:01 [TRACE] 【目标检测】屏幕内没有目标
2025-07-26 12:23:02 [TRACE] 【目标检测】屏幕内没有目标
2025-07-26 12:23:03 [TRACE] 【目标检测】屏幕内没有目标
2025-07-26 12:23:03 [TRACE] 【空洞监听】无匹配已持续：7秒
2025-07-26 12:23:04 [TRACE] 【目标检测】屏幕内没有目标
2025-07-26 12:23:04 [TRACE] 【目标检测】屏幕内没有目标
2025-07-26 12:23:05 [TRACE] 【目标检测】屏幕内没有目标
2025-07-26 12:23:05 [TRACE] 【目标检测】屏幕内没有目标
2025-07-26 12:23:05 [TRACE] 【空洞监听】无匹配已持续：9秒
2025-07-26 12:23:06 [TRACE] 【目标检测】屏幕内没有目标
2025-07-26 12:23:07 [TRACE] 【目标检测】屏幕内没有目标
2025-07-26 12:23:07 [TRACE] 【目标检测】屏幕内没有目标
