2025-07-26 16:34:00 [TRACE] 【线程启动】全局监听
2025-07-26 16:34:00 [TRACE] 【线程启动】终止监听
2025-07-26 16:34:01 [DEBUG] 今日执行 1 次零号空洞
2025-07-26 16:34:01 [DEBUG] 初始化完毕..启动{零号空洞}模块
2025-07-26 16:34:01 [DEBUG] 发现已存在的游戏窗口
2025-07-26 16:34:07 [SUCCESS] 程序开始接管操作，请保持游戏画面处于前台，终止按下Alt键
2025-07-26 16:34:07 [TRACE] 【线程启动】空洞搜索
2025-07-26 16:34:07 [TRACE] 【线程启动】空洞监听
2025-07-26 16:34:07 [TRACE] 【线程启动】空洞战斗
2025-07-26 16:34:07 [DEBUG] 正在返回菜单
2025-07-26 16:34:07 [TRACE] 正在返回菜单,请保持游戏画面处于前台
2025-07-26 16:34:09 [TRACE] 正在返回菜单,请保持游戏画面处于前台
2025-07-26 16:34:11 [TRACE] 退出战斗返回菜单
2025-07-26 16:34:11 [TRACE] 【目标出现】C:\Users\gelon\Desktop\ZA-Lite\assets/images/daily\quit_battle.png 置信度：0.9938648343086243
2025-07-26 16:34:12 [TRACE] 【目标出现】C:\Users\gelon\Desktop\ZA-Lite\assets/images/daily\confirm.png 置信度：0.983942985534668
2025-07-26 16:34:14 [TRACE] 【1】等待目标中 C:\Users\gelon\Desktop\ZA-Lite\assets/images/daily\quit.png
2025-07-26 16:34:14 [TRACE] 【2】等待目标中 C:\Users\gelon\Desktop\ZA-Lite\assets/images/daily\quit.png
2025-07-26 16:34:15 [TRACE] 【3】等待目标中 C:\Users\gelon\Desktop\ZA-Lite\assets/images/daily\quit.png
2025-07-26 16:34:15 [TRACE] 【4】等待目标中 C:\Users\gelon\Desktop\ZA-Lite\assets/images/daily\quit.png
2025-07-26 16:34:16 [TRACE] 【5】等待目标中 C:\Users\gelon\Desktop\ZA-Lite\assets/images/daily\quit.png
2025-07-26 16:34:17 [TRACE] 【6】等待目标中 C:\Users\gelon\Desktop\ZA-Lite\assets/images/daily\quit.png
2025-07-26 16:34:17 [TRACE] 【7】等待目标中 C:\Users\gelon\Desktop\ZA-Lite\assets/images/daily\quit.png
2025-07-26 16:34:18 [TRACE] 【8】等待目标中 C:\Users\gelon\Desktop\ZA-Lite\assets/images/daily\quit.png
2025-07-26 16:34:18 [TRACE] 【跳过】C:\Users\gelon\Desktop\ZA-Lite\assets/images/daily\quit.png
2025-07-26 16:34:18 [TRACE] 【目标出现】C:\Users\gelon\Desktop\ZA-Lite\assets/images/hollow/mission_completed.png 置信度：0.9999996423721313
2025-07-26 16:34:20 [TRACE] 正在返回菜单,请保持游戏画面处于前台
2025-07-26 16:34:22 [TRACE] 正在返回菜单,请保持游戏画面处于前台
2025-07-26 16:34:24 [TRACE] 正在返回菜单,请保持游戏画面处于前台
2025-07-26 16:34:26 [TRACE] 正在返回菜单,请保持游戏画面处于前台
2025-07-26 16:34:28 [TRACE] 正在返回菜单,请保持游戏画面处于前台
2025-07-26 16:34:30 [TRACE] 现在处于大厅
2025-07-26 16:34:30 [INFO] 执行零号空洞任务中
2025-07-26 16:34:31 [TRACE] 【1】等待目标中 C:\Users\gelon\Desktop\ZA-Lite\assets/images/hollow\combat.png
2025-07-26 16:34:31 [TRACE] 【目标出现】C:\Users\gelon\Desktop\ZA-Lite\assets/images/hollow\combat.png 置信度：0.9762869477272034
2025-07-26 16:34:32 [TRACE] 【目标出现】C:\Users\gelon\Desktop\ZA-Lite\assets/images/hollow\zero_hollow.png 置信度：0.9999948143959045
2025-07-26 16:34:34 [TRACE] 【目标出现】C:\Users\gelon\Desktop\ZA-Lite\assets/images/hollow\go_hollow.png 置信度：0.9947764873504639
2025-07-26 16:34:35 [TRACE] 【目标出现】C:\Users\gelon\Desktop\ZA-Lite\assets/images/hollow\confirm.png 置信度：0.9839357137680054
2025-07-26 16:34:36 [TRACE] 【1】等待目标中 C:\Users\gelon\Desktop\ZA-Lite\assets/images/hollow\hollow_taskforce.png
2025-07-26 16:34:37 [TRACE] 【2】等待目标中 C:\Users\gelon\Desktop\ZA-Lite\assets/images/hollow\hollow_taskforce.png
2025-07-26 16:34:38 [TRACE] 【3】等待目标中 C:\Users\gelon\Desktop\ZA-Lite\assets/images/hollow\hollow_taskforce.png
2025-07-26 16:34:38 [TRACE] 【目标出现】C:\Users\gelon\Desktop\ZA-Lite\assets/images/hollow\hollow_taskforce.png 置信度：0.9999806880950928
2025-07-26 16:34:40 [TRACE] 【目标出现】C:\Users\gelon\Desktop\ZA-Lite\assets/images/hollow\strategy.png 置信度：0.9999997019767761
2025-07-26 16:34:41 [TRACE] 【1】等待目标中 C:\Users\gelon\Desktop\ZA-Lite\assets/images/hollow\strategy_confirm.png
2025-07-26 16:34:41 [TRACE] 【目标出现】C:\Users\gelon\Desktop\ZA-Lite\assets/images/hollow\strategy_confirm.png 置信度：1.0
2025-07-26 16:34:42 [TRACE] 【目标出现】C:\Users\gelon\Desktop\ZA-Lite\assets/images/hollow\next_step.png 置信度：0.9863622784614563
2025-07-26 16:34:44 [TRACE] 【目标出现】C:\Users\gelon\Desktop\ZA-Lite\assets/images/daily\squad_preset.png 置信度：0.9862328767776489
2025-07-26 16:34:45 [TRACE] 【目标出现】C:\Users\gelon\Desktop\ZA-Lite\assets/images/daily\squad_5.png 置信度：0.9632449746131897
2025-07-26 16:34:46 [TRACE] 【目标出现】C:\Users\gelon\Desktop\ZA-Lite\assets/images/daily\select_squad.png 置信度：0.9688292741775513
2025-07-26 16:34:47 [TRACE] 【目标出现】C:\Users\gelon\Desktop\ZA-Lite\assets/images/hollow\start_battle.png 置信度：0.986130952835083
2025-07-26 16:34:48 [TRACE] 【空洞监听】无匹配已持续：0秒
2025-07-26 16:34:49 [TRACE] 【目标检测】目标存在，但置信度不足
2025-07-26 16:34:49 [ERROR] 【线程错误】Thread-4 (hollow_listener)

Traceback (most recent call last):
  File "C:\Python\Lib\threading.py", line 1041, in _bootstrap_inner
    self.run()
    ~~~~~~~~^^
  File "C:\Python\Lib\threading.py", line 992, in run
    self._target(*self._args, **self._kwargs)
    ~~~~~~~~~~~~^^^^^^^^^^^^^^^^^^^^^^^^^^^^^
  File "C:\Users\gelon\Desktop\ZA-Lite\tasks\hollow.py", line 68, in hollow_listener
    template_gray = cv2.cvtColor(cv2.imread(tpl), cv2.COLOR_BGR2GRAY)  # 模板BGR转灰度图
                                 ~~~~~~~~~~^^^^^
  File "C:\Python\Lib\site-packages\ultralytics\utils\patches.py", line 26, in imread
    return cv2.imdecode(np.fromfile(filename, np.uint8), flags)
                        ~~~~~~~~~~~^^^^^^^^^^^^^^^^^^^^
FileNotFoundError: [Errno 2] No such file or directory: 'C:\\Users\\gelon\\Desktop\\ZA-Lite\\assets/images/hollow\\bat323232tle_end_boss.png'

2025-07-26 16:34:49 [TRACE] 【目标检测】目标存在，但置信度不足
2025-07-26 16:34:50 [TRACE] 【目标检测】屏幕内没有目标
2025-07-26 16:34:50 [TRACE] 【目标检测】屏幕内没有目标
2025-07-26 16:34:50 [TRACE] 【目标检测】目标存在，但置信度不足
2025-07-26 16:34:51 [TRACE] 【目标检测】目标存在，但置信度不足
2025-07-26 16:34:51 [TRACE] 【目标检测】目标存在，但置信度不足
2025-07-26 16:34:51 [TRACE] 【目标检测】屏幕内没有目标
2025-07-26 16:34:52 [TRACE] 【目标检测】屏幕内没有目标
2025-07-26 16:34:52 [TRACE] 【目标检测】屏幕内没有目标
2025-07-26 16:34:53 [TRACE] 【目标检测】屏幕内没有目标
2025-07-26 16:34:54 [TRACE] 【目标检测】屏幕内没有目标
2025-07-26 16:34:54 [TRACE] 【目标检测】屏幕内没有目标
2025-07-26 16:34:54 [TRACE] 【目标检测】屏幕内没有目标
2025-07-26 16:34:55 [TRACE] 【目标检测】屏幕内没有目标
