2025-07-26 13:11:37 [DEBUG] 今日执行 1 次零号空洞
2025-07-26 13:11:37 [DEBUG] 初始化完毕..启动{零号空洞}模块
2025-07-26 13:11:37 [DEBUG] 发现已存在的游戏窗口
2025-07-26 13:11:43 [SUCCESS] 程序开始接管操作，请保持游戏画面处于前台，终止按下Alt键
2025-07-26 13:11:43 [TRACE] 【线程启动】空洞搜索
2025-07-26 13:11:43 [TRACE] 【线程启动】空洞监听
2025-07-26 13:11:43 [TRACE] 【线程启动】空洞战斗
2025-07-26 13:11:43 [DEBUG] 正在返回菜单
2025-07-26 13:11:43 [TRACE] 正在返回菜单,请保持游戏画面处于前台
2025-07-26 13:11:45 [TRACE] 正在返回菜单,请保持游戏画面处于前台
2025-07-26 13:11:47 [TRACE] 现在处于大厅
2025-07-26 13:11:47 [INFO] 执行零号空洞任务中
2025-07-26 13:11:48 [TRACE] 【1】等待目标中 C:\Users\gelon\Desktop\ZA-Lite\assets/images/hollow\combat.png
2025-07-26 13:11:48 [TRACE] 【目标出现】C:\Users\gelon\Desktop\ZA-Lite\assets/images/hollow\combat.png 置信度：0.9763121008872986
2025-07-26 13:11:50 [TRACE] 【目标出现】C:\Users\gelon\Desktop\ZA-Lite\assets/images/hollow\zero_hollow.png 置信度：0.9999948143959045
2025-07-26 13:11:51 [TRACE] 【目标出现】C:\Users\gelon\Desktop\ZA-Lite\assets/images/hollow\go_hollow.png 置信度：0.9950929284095764
2025-07-26 13:11:52 [TRACE] 【目标出现】C:\Users\gelon\Desktop\ZA-Lite\assets/images/hollow\confirm.png 置信度：0.9839441180229187
2025-07-26 13:11:54 [TRACE] 【1】等待目标中 C:\Users\gelon\Desktop\ZA-Lite\assets/images/hollow\hollow_taskforce.png
2025-07-26 13:11:54 [TRACE] 【2】等待目标中 C:\Users\gelon\Desktop\ZA-Lite\assets/images/hollow\hollow_taskforce.png
2025-07-26 13:11:55 [TRACE] 【3】等待目标中 C:\Users\gelon\Desktop\ZA-Lite\assets/images/hollow\hollow_taskforce.png
2025-07-26 13:11:55 [TRACE] 【目标出现】C:\Users\gelon\Desktop\ZA-Lite\assets/images/hollow\hollow_taskforce.png 置信度：0.9999805688858032
2025-07-26 13:11:57 [TRACE] 【目标出现】C:\Users\gelon\Desktop\ZA-Lite\assets/images/hollow\strategy.png 置信度：0.9999997019767761
2025-07-26 13:11:58 [TRACE] 【1】等待目标中 C:\Users\gelon\Desktop\ZA-Lite\assets/images/hollow\strategy_confirm.png
2025-07-26 13:11:58 [TRACE] 【目标出现】C:\Users\gelon\Desktop\ZA-Lite\assets/images/hollow\strategy_confirm.png 置信度：0.9999998211860657
2025-07-26 13:12:00 [TRACE] 【目标出现】C:\Users\gelon\Desktop\ZA-Lite\assets/images/hollow\next_step.png 置信度：0.982891857624054
2025-07-26 13:12:01 [TRACE] 【目标出现】C:\Users\gelon\Desktop\ZA-Lite\assets/images/daily\squad_preset.png 置信度：0.986233115196228
2025-07-26 13:12:02 [TRACE] 【目标出现】C:\Users\gelon\Desktop\ZA-Lite\assets/images/daily\squad_5.png 置信度：0.9663816690444946
2025-07-26 13:12:03 [TRACE] 【目标出现】C:\Users\gelon\Desktop\ZA-Lite\assets/images/daily\select_squad.png 置信度：0.9690156579017639
2025-07-26 13:12:04 [TRACE] 【目标出现】C:\Users\gelon\Desktop\ZA-Lite\assets/images/hollow\start_battle.png 置信度：0.9836130142211914
2025-07-26 13:12:06 [TRACE] 【空洞监听】无匹配已持续：0秒
2025-07-26 13:12:06 [TRACE] 【目标检测】屏幕内没有目标
2025-07-26 13:12:06 [TRACE] 【目标检测】屏幕内没有目标
2025-07-26 13:12:07 [TRACE] 【目标检测】屏幕内没有目标
2025-07-26 13:12:07 [TRACE] 【目标检测】屏幕内没有目标
2025-07-26 13:12:08 [TRACE] 【目标检测】屏幕内没有目标
2025-07-26 13:12:08 [TRACE] 【空洞监听】无匹配已持续：2秒
2025-07-26 13:12:09 [TRACE] 【目标检测】屏幕内没有目标
2025-07-26 13:12:10 [TRACE] 【目标检测】屏幕内没有目标
2025-07-26 13:12:10 [TRACE] 【空洞监听】无匹配已持续：4秒
2025-07-26 13:12:10 [TRACE] 【目标检测】屏幕内没有目标
2025-07-26 13:12:10 [TRACE] 【目标检测】屏幕内没有目标
2025-07-26 13:12:11 [TRACE] 【目标检测】屏幕内没有目标
2025-07-26 13:12:12 [TRACE] 【空洞监听】无匹配已持续：6秒
2025-07-26 13:12:12 [TRACE] 【目标检测】屏幕内没有目标
2025-07-26 13:12:13 [TRACE] 【目标检测】屏幕内没有目标
2025-07-26 13:12:13 [TRACE] 【目标检测】屏幕内没有目标
2025-07-26 13:12:14 [TRACE] 【目标检测】屏幕内没有目标
2025-07-26 13:12:14 [TRACE] 【目标检测】屏幕内没有目标
2025-07-26 13:12:14 [TRACE] 【空洞监听】无匹配已持续：8秒
2025-07-26 13:12:16 [TRACE] 【目标检测】屏幕内没有目标
2025-07-26 13:12:16 [TRACE] 【目标检测】屏幕内没有目标
2025-07-26 13:12:16 [TRACE] 【目标检测】屏幕内没有目标
2025-07-26 13:12:17 [TRACE] 【空洞监听】无匹配已持续：11秒
2025-07-26 13:12:17 [TRACE] 【目标检测】目标存在，但置信度不足
2025-07-26 13:12:17 [TRACE] 【目标检测】屏幕内没有目标
2025-07-26 13:12:18 [TRACE] 【目标检测】屏幕内没有目标
2025-07-26 13:12:19 [TRACE] 【空洞监听】无匹配已持续：13秒
2025-07-26 13:12:19 [TRACE] 【目标检测】屏幕内没有目标
2025-07-26 13:12:20 [TRACE] 【目标检测】屏幕内没有目标
2025-07-26 13:12:20 [TRACE] 【目标检测】屏幕内没有目标
2025-07-26 13:12:20 [TRACE] 【目标检测】屏幕内没有目标
2025-07-26 13:12:21 [TRACE] 【目标检测】目标存在，但置信度不足
2025-07-26 13:12:21 [TRACE] 【空洞监听】无匹配已持续：15秒
2025-07-26 13:12:21 [TRACE] 【目标检测】屏幕内没有目标
2025-07-26 13:12:23 [TRACE] 【目标检测】TRAPPED！ 类型：interact 置信度：0.8999173045158386
2025-07-26 13:12:24 [TRACE] 【空洞监听】无匹配已持续：17秒
2025-07-26 13:12:26 [TRACE] 【空洞监听】无匹配已持续：20秒
2025-07-26 13:12:26 [TRACE] 【状态】搜索模式：C:\Users\gelon\Desktop\ZA-Lite\assets/images/hollow\card.png 置信度：0.9858150482177734
2025-07-26 13:12:29 [TRACE] 【目标检测】屏幕内没有目标
2025-07-26 13:12:30 [TRACE] 【目标检测】屏幕内没有目标
2025-07-26 13:12:31 [TRACE] 【空洞监听】无匹配已持续：0秒
2025-07-26 13:12:31 [TRACE] 【目标检测】TRAPPED！ 类型：interact 置信度：0.8780027031898499
2025-07-26 13:12:33 [TRACE] 【空洞监听】无匹配已持续：2秒
2025-07-26 13:12:36 [TRACE] 【目标检测】TRAPPED！ 类型：interact 置信度：0.9378817081451416
2025-07-26 13:12:36 [TRACE] 【空洞监听】无匹配已持续：4秒
2025-07-26 13:12:44 [TRACE] 【目标检测】微调超时，无法对齐！
2025-07-26 13:12:45 [TRACE] 【空洞监听】无匹配已持续：0秒
2025-07-26 13:12:47 [TRACE] 【空洞监听】无匹配已持续：2秒
2025-07-26 13:12:47 [TRACE] 【目标检测】TRAPPED！ 类型：interact 置信度：0.9321895837783813
2025-07-26 13:12:49 [TRACE] 【空洞监听】无匹配已持续：4秒
2025-07-26 13:12:51 [TRACE] 【空洞监听】无匹配已持续：6秒
2025-07-26 13:12:52 [TRACE] 【目标检测】屏幕内没有目标
2025-07-26 13:12:54 [TRACE] 【目标检测】屏幕内没有目标
2025-07-26 13:12:54 [TRACE] 【空洞监听】无匹配已持续：9秒
2025-07-26 13:12:54 [TRACE] 【目标检测】微调超时，无法对齐！
2025-07-26 13:12:55 [TRACE] 【目标检测】屏幕内没有目标
2025-07-26 13:12:56 [TRACE] 【空洞监听】无匹配已持续：11秒
2025-07-26 13:12:57 [TRACE] 【目标检测】屏幕内没有目标
2025-07-26 13:12:58 [TRACE] 【目标检测】屏幕内没有目标
2025-07-26 13:12:59 [TRACE] 【空洞监听】无匹配已持续：14秒
2025-07-26 13:13:01 [TRACE] 【目标检测】微调超时，无法对齐！
2025-07-26 13:13:01 [TRACE] 【空洞监听】无匹配已持续：16秒
2025-07-26 13:13:03 [TRACE] 【目标检测】TRAPPED！ 类型：interact 置信度：0.8906791806221008
2025-07-26 13:13:03 [TRACE] 【空洞监听】无匹配已持续：18秒
2025-07-26 13:13:09 [TRACE] 【目标检测】TRAPPED！ 类型：interact 置信度：0.8961906433105469
2025-07-26 13:13:12 [TRACE] 【空洞监听】无匹配已持续：0秒
2025-07-26 13:13:14 [TRACE] 【空洞监听】无匹配已持续：2秒
2025-07-26 13:13:15 [TRACE] 【目标检测】TRAPPED！ 类型：interact 置信度：0.9292208552360535
2025-07-26 13:13:16 [TRACE] 【空洞监听】无匹配已持续：4秒
2025-07-26 13:13:21 [TRACE] 【目标检测】屏幕内没有目标
2025-07-26 13:13:21 [TRACE] 【目标检测】屏幕内没有目标
2025-07-26 13:13:22 [TRACE] 【目标检测】屏幕内没有目标
2025-07-26 13:13:22 [TRACE] 【目标检测】屏幕内没有目标
2025-07-26 13:13:22 [TRACE] 【目标检测】屏幕内没有目标
2025-07-26 13:13:24 [TRACE] 【目标检测】屏幕内没有目标
2025-07-26 13:13:24 [TRACE] 【目标检测】屏幕内没有目标
2025-07-26 13:13:25 [TRACE] 【目标检测】屏幕内没有目标
2025-07-26 13:13:25 [TRACE] 【目标检测】屏幕内没有目标
2025-07-26 13:13:26 [TRACE] 【目标检测】屏幕内没有目标
2025-07-26 13:13:28 [TRACE] 【状态】搜索模式：C:\Users\gelon\Desktop\ZA-Lite\assets/images/hollow\meter.png 置信度：0.9880938529968262
2025-07-26 13:13:30 [TRACE] 【目标检测】TRAPPED！ 类型：blue_portal 置信度：0.8808073401451111
2025-07-26 13:13:31 [TRACE] 【状态】搜索模式：C:\Users\gelon\Desktop\ZA-Lite\assets/images/hollow\meter.png 置信度：0.906468391418457
2025-07-26 13:13:33 [TRACE] 【目标检测】TRAPPED！ 类型：guide_point 置信度：0.9229497313499451
2025-07-26 13:13:34 [TRACE] 【空洞监听】无匹配已持续：0秒
2025-07-26 13:13:36 [TRACE] 【状态】搜索模式：C:\Users\gelon\Desktop\ZA-Lite\assets/images/hollow\meter.png 置信度：0.9407045245170593
2025-07-26 13:13:39 [TRACE] 【状态】搜索模式：C:\Users\gelon\Desktop\ZA-Lite\assets/images/hollow\meter.png 置信度：0.9241253733634949
2025-07-26 13:13:39 [TRACE] 【目标检测】TRAPPED！ 类型：guide_point 置信度：0.9421290755271912
2025-07-26 13:13:41 [TRACE] 【状态】搜索模式：C:\Users\gelon\Desktop\ZA-Lite\assets/images/hollow\meter.png 置信度：0.9716988801956177
2025-07-26 13:13:45 [TRACE] 【目标检测】TRAPPED！ 类型：blue_portal 置信度：0.8192012906074524
2025-07-26 13:13:45 [TRACE] 【空洞监听】无匹配已持续：0秒
2025-07-26 13:13:48 [TRACE] 【空洞监听】无匹配已持续：2秒
2025-07-26 13:13:50 [TRACE] 【空洞监听】无匹配已持续：4秒
2025-07-26 13:13:51 [TRACE] 【目标检测】TRAPPED！ 类型：blue_portal 置信度：0.7961411476135254
2025-07-26 13:13:52 [TRACE] 【状态】搜索模式：C:\Users\gelon\Desktop\ZA-Lite\assets/images/hollow\meter.png 置信度：0.933894693851471
2025-07-26 13:13:55 [TRACE] 【目标检测】TRAPPED！ 类型：blue_portal 置信度：0.8629336357116699
2025-07-26 13:13:55 [TRACE] 【状态】搜索模式：C:\Users\gelon\Desktop\ZA-Lite\assets/images/hollow\meter.png 置信度：0.9525737166404724
2025-07-26 13:13:58 [TRACE] 【空洞监听】无匹配已持续：0秒
2025-07-26 13:14:00 [TRACE] 【目标检测】屏幕内没有目标
2025-07-26 13:14:01 [TRACE] 【空洞监听】无匹配已持续：2秒
2025-07-26 13:14:01 [TRACE] 【目标检测】屏幕内没有目标
2025-07-26 13:14:01 [TRACE] 【目标检测】屏幕内没有目标
2025-07-26 13:14:02 [TRACE] 【目标检测】屏幕内没有目标
2025-07-26 13:14:02 [TRACE] 【目标检测】屏幕内没有目标
2025-07-26 13:14:03 [TRACE] 【空洞监听】无匹配已持续：4秒
2025-07-26 13:14:03 [TRACE] 【目标检测】屏幕内没有目标
2025-07-26 13:14:04 [TRACE] 【目标检测】屏幕内没有目标
2025-07-26 13:14:04 [TRACE] 【目标检测】屏幕内没有目标
2025-07-26 13:14:05 [TRACE] 【目标检测】屏幕内没有目标
2025-07-26 13:14:05 [TRACE] 【空洞监听】无匹配已持续：6秒
2025-07-26 13:14:05 [TRACE] 【目标检测】目标存在，但置信度不足
2025-07-26 13:14:05 [TRACE] 【目标检测】屏幕内没有目标
2025-07-26 13:14:07 [TRACE] 【目标检测】屏幕内没有目标
2025-07-26 13:14:07 [TRACE] 【空洞监听】无匹配已持续：8秒
2025-07-26 13:14:10 [TRACE] 【空洞监听】无匹配已持续：11秒
2025-07-26 13:14:10 [TRACE] 【目标检测】TRAPPED！ 类型：interact 置信度：0.9371458292007446
2025-07-26 13:14:12 [TRACE] 【空洞监听】无匹配已持续：13秒
2025-07-26 13:14:14 [TRACE] 【目标检测】TRAPPED！ 类型：interact 置信度：0.9176057577133179
2025-07-26 13:14:14 [TRACE] 【空洞监听】无匹配已持续：15秒
2025-07-26 13:14:16 [TRACE] 【空洞监听】无匹配已持续：18秒
2025-07-26 13:14:20 [TRACE] 【目标检测】目标存在，但置信度不足
2025-07-26 13:14:20 [TRACE] 【目标检测】屏幕内没有目标
2025-07-26 13:14:21 [TRACE] 【目标检测】屏幕内没有目标
2025-07-26 13:14:21 [TRACE] 【目标检测】屏幕内没有目标
2025-07-26 13:14:21 [TRACE] 【目标检测】屏幕内没有目标
2025-07-26 13:14:24 [TRACE] 【目标检测】屏幕内没有目标
2025-07-26 13:14:26 [TRACE] 【目标检测】微调超时，无法对齐！
2025-07-26 13:14:27 [TRACE] 【目标检测】目标存在，但置信度不足
2025-07-26 13:14:28 [TRACE] 【目标检测】目标存在，但置信度不足
2025-07-26 13:14:28 [TRACE] 【目标检测】目标存在，但置信度不足
2025-07-26 13:14:29 [TRACE] 【目标检测】目标存在，但置信度不足
2025-07-26 13:14:30 [TRACE] 【目标检测】目标存在，但置信度不足
2025-07-26 13:14:30 [TRACE] 【目标检测】目标存在，但置信度不足
2025-07-26 13:14:32 [TRACE] 【目标检测】目标存在，但置信度不足
2025-07-26 13:14:32 [TRACE] 【目标检测】微调超时，无法对齐！
2025-07-26 13:14:34 [TRACE] 【目标检测】屏幕内没有目标
2025-07-26 13:14:34 [TRACE] 【目标检测】目标存在，但置信度不足
2025-07-26 13:14:34 [TRACE] 【目标检测】屏幕内没有目标
2025-07-26 13:14:35 [TRACE] 【目标检测】屏幕内没有目标
2025-07-26 13:14:35 [TRACE] 【目标检测】屏幕内没有目标
2025-07-26 13:14:36 [TRACE] 【目标检测】屏幕内没有目标
2025-07-26 13:14:36 [TRACE] 【状态】搜索模式：C:\Users\gelon\Desktop\ZA-Lite\assets/images/hollow\resonium.png 置信度：0.9920591711997986
2025-07-26 13:14:37 [TRACE] 【目标检测】屏幕内没有目标
2025-07-26 13:14:37 [TRACE] 【目标检测】屏幕内没有目标
2025-07-26 13:14:38 [TRACE] 【目标检测】屏幕内没有目标
2025-07-26 13:14:38 [TRACE] 【目标检测】屏幕内没有目标
2025-07-26 13:14:39 [TRACE] 【目标检测】目标存在，但置信度不足
2025-07-26 13:14:41 [TRACE] 【目标检测】TRAPPED！ 类型：guide_point 置信度：0.6593906283378601
2025-07-26 13:14:42 [TRACE] 【空洞监听】无匹配已持续：0秒
2025-07-26 13:14:44 [TRACE] 【空洞监听】无匹配已持续：2秒
2025-07-26 13:14:46 [TRACE] 【空洞监听】无匹配已持续：4秒
2025-07-26 13:14:47 [TRACE] 【目标检测】屏幕内没有目标
2025-07-26 13:14:48 [TRACE] 【目标检测】屏幕内没有目标
2025-07-26 13:14:48 [TRACE] 【目标检测】屏幕内没有目标
2025-07-26 13:14:49 [TRACE] 【空洞监听】无匹配已持续：6秒
2025-07-26 13:14:49 [TRACE] 【目标检测】屏幕内没有目标
2025-07-26 13:14:50 [TRACE] 【目标检测】屏幕内没有目标
2025-07-26 13:14:51 [TRACE] 【空洞监听】无匹配已持续：9秒
2025-07-26 13:14:52 [TRACE] 【目标检测】目标存在，但置信度不足
2025-07-26 13:14:53 [TRACE] 【目标检测】屏幕内没有目标
2025-07-26 13:14:53 [TRACE] 【空洞监听】无匹配已持续：11秒
2025-07-26 13:14:54 [TRACE] 【目标检测】微调超时，无法对齐！
2025-07-26 13:14:55 [TRACE] 【空洞监听】无匹配已持续：13秒
2025-07-26 13:14:56 [TRACE] 【目标检测】目标存在，但置信度不足
2025-07-26 13:14:57 [TRACE] 【目标检测】屏幕内没有目标
2025-07-26 13:14:58 [TRACE] 【空洞监听】无匹配已持续：16秒
2025-07-26 13:14:59 [TRACE] 【目标检测】目标存在，但置信度不足
2025-07-26 13:14:59 [TRACE] 【目标检测】微调超时，无法对齐！
2025-07-26 13:15:00 [TRACE] 【空洞监听】无匹配已持续：18秒
2025-07-26 13:15:01 [TRACE] 【目标检测】TRAPPED！ 类型：blue_portal 置信度：0.9349082112312317
2025-07-26 13:15:02 [TRACE] 【空洞监听】无匹配已持续：20秒
2025-07-26 13:15:05 [TRACE] 【空洞监听】无匹配已持续：23秒
2025-07-26 13:15:07 [TRACE] 【空洞监听】无匹配已持续：24秒
2025-07-26 13:15:07 [TRACE] 【目标检测】屏幕内没有目标
2025-07-26 13:15:08 [TRACE] 【目标检测】屏幕内没有目标
2025-07-26 13:15:08 [TRACE] 【目标检测】屏幕内没有目标
2025-07-26 13:15:09 [TRACE] 【目标检测】屏幕内没有目标
2025-07-26 13:15:09 [TRACE] 【空洞监听】无匹配已持续：27秒
2025-07-26 13:15:09 [TRACE] 【目标检测】屏幕内没有目标
2025-07-26 13:15:11 [TRACE] 【目标检测】屏幕内没有目标
2025-07-26 13:15:11 [TRACE] 【目标检测】屏幕内没有目标
2025-07-26 13:15:11 [TRACE] 【目标检测】屏幕内没有目标
2025-07-26 13:15:11 [TRACE] 【空洞监听】无匹配已持续：29秒
2025-07-26 13:15:12 [TRACE] 【目标检测】屏幕内没有目标
2025-07-26 13:15:12 [TRACE] 【目标检测】目标存在，但置信度不足
2025-07-26 13:15:13 [TRACE] 【线程启动】攻击检测
2025-07-26 13:15:13 [TRACE] 【状态】战斗模式：C:\Users\gelon\Desktop\ZA-Lite\assets/images/hollow\battle_1.png 置信度：0.9999999403953552
2025-07-26 13:15:13 [TRACE] 【目标检测】屏幕内没有目标
2025-07-26 13:15:13 [TRACE] 【状态】战斗模式：C:\Users\gelon\Desktop\ZA-Lite\assets/images/hollow\battle_2.png 置信度：1.0
2025-07-26 13:15:18 [TRACE] 【空洞监听】无匹配已持续：0秒
2025-07-26 13:15:19 [TRACE] 【状态】战斗模式：C:\Users\gelon\Desktop\ZA-Lite\assets/images/hollow\battle_3.png 置信度：0.9999997615814209
2025-07-26 13:15:22 [TRACE] 【状态】战斗模式：C:\Users\gelon\Desktop\ZA-Lite\assets/images/hollow\battle_3.png 置信度：1.0
2025-07-26 13:15:27 [TRACE] 【空洞监听】无匹配已持续：0秒
2025-07-26 13:15:30 [TRACE] 【空洞监听】无匹配已持续：2秒
2025-07-26 13:15:33 [TRACE] 【空洞监听】无匹配已持续：5秒
2025-07-26 13:15:35 [TRACE] 【空洞监听】无匹配已持续：7秒
2025-07-26 13:15:35 [TRACE] 【状态】搜索模式：C:\Users\gelon\Desktop\ZA-Lite\assets/images/hollow\resonium.png 置信度：0.9999998807907104
2025-07-26 13:15:35 [TRACE] 【目标检测】屏幕内没有目标
2025-07-26 13:15:36 [TRACE] 【目标检测】屏幕内没有目标
2025-07-26 13:15:36 [TRACE] 【目标检测】屏幕内没有目标
2025-07-26 13:15:37 [TRACE] 【目标检测】屏幕内没有目标
2025-07-26 13:15:37 [TRACE] 【目标检测】屏幕内没有目标
2025-07-26 13:15:39 [TRACE] 【目标检测】屏幕内没有目标
2025-07-26 13:15:39 [TRACE] 【目标检测】屏幕内没有目标
2025-07-26 13:15:39 [TRACE] 【目标检测】屏幕内没有目标
2025-07-26 13:15:40 [TRACE] 【目标检测】屏幕内没有目标
2025-07-26 13:15:40 [TRACE] 【目标检测】屏幕内没有目标
2025-07-26 13:15:41 [TRACE] 【空洞监听】无匹配已持续：0秒
2025-07-26 13:15:41 [TRACE] 【状态】搜索模式：C:\Users\gelon\Desktop\ZA-Lite\assets/images/hollow\next_area.png 置信度：0.9999997019767761
2025-07-26 13:15:42 [TRACE] 【目标检测】屏幕内没有目标
2025-07-26 13:15:44 [TRACE] 【目标检测】TRAPPED！ 类型：blue_portal 置信度：0.9518452882766724
2025-07-26 13:15:45 [TRACE] 【空洞监听】无匹配已持续：0秒
2025-07-26 13:15:48 [TRACE] 【空洞监听】无匹配已持续：2秒
2025-07-26 13:15:49 [TRACE] 【空洞监听】无匹配已持续：4秒
2025-07-26 13:15:50 [TRACE] 【目标检测】屏幕内没有目标
2025-07-26 13:15:51 [TRACE] 【目标检测】屏幕内没有目标
2025-07-26 13:15:52 [TRACE] 【目标检测】TRAPPED！ 类型：interact 置信度：0.9173005223274231
2025-07-26 13:15:52 [TRACE] 【空洞监听】无匹配已持续：6秒
2025-07-26 13:15:55 [TRACE] 【空洞监听】无匹配已持续：9秒
2025-07-26 13:15:58 [TRACE] 【目标检测】屏幕内没有目标
2025-07-26 13:15:58 [TRACE] 【目标检测】屏幕内没有目标
2025-07-26 13:15:58 [TRACE] 【目标检测】屏幕内没有目标
2025-07-26 13:15:59 [TRACE] 【目标检测】屏幕内没有目标
2025-07-26 13:15:59 [TRACE] 【目标检测】屏幕内没有目标
2025-07-26 13:16:01 [TRACE] 【目标检测】屏幕内没有目标
2025-07-26 13:16:01 [TRACE] 【目标检测】屏幕内没有目标
2025-07-26 13:16:01 [TRACE] 【目标检测】屏幕内没有目标
2025-07-26 13:16:02 [TRACE] 【目标检测】屏幕内没有目标
2025-07-26 13:16:02 [TRACE] 【目标检测】屏幕内没有目标
2025-07-26 13:16:04 [TRACE] 【目标检测】屏幕内没有目标
2025-07-26 13:16:04 [TRACE] 【目标检测】屏幕内没有目标
2025-07-26 13:16:04 [TRACE] 【目标检测】屏幕内没有目标
2025-07-26 13:16:05 [TRACE] 【目标检测】屏幕内没有目标
2025-07-26 13:16:05 [TRACE] 【目标检测】屏幕内没有目标
2025-07-26 13:16:07 [TRACE] 【目标检测】屏幕内没有目标
2025-07-26 13:16:07 [TRACE] 【目标检测】屏幕内没有目标
2025-07-26 13:16:07 [TRACE] 【目标检测】屏幕内没有目标
2025-07-26 13:16:08 [TRACE] 【目标检测】屏幕内没有目标
2025-07-26 13:16:08 [TRACE] 【目标检测】屏幕内没有目标
2025-07-26 13:16:09 [TRACE] 【目标检测】屏幕内没有目标
2025-07-26 13:16:10 [TRACE] 【状态】搜索模式：C:\Users\gelon\Desktop\ZA-Lite\assets/images/hollow\resonium.png 置信度：0.9999998807907104
2025-07-26 13:16:10 [TRACE] 【目标检测】屏幕内没有目标
2025-07-26 13:16:10 [TRACE] 【目标检测】屏幕内没有目标
2025-07-26 13:16:11 [TRACE] 【目标检测】屏幕内没有目标
2025-07-26 13:16:11 [TRACE] 【目标检测】屏幕内没有目标
2025-07-26 13:16:12 [TRACE] 【状态】搜索模式：C:\Users\gelon\Desktop\ZA-Lite\assets/images/hollow\resonium.png 置信度：0.9920591711997986
2025-07-26 13:16:12 [TRACE] 【目标检测】屏幕内没有目标
2025-07-26 13:16:13 [TRACE] 【目标检测】屏幕内没有目标
2025-07-26 13:16:13 [TRACE] 【目标检测】屏幕内没有目标
2025-07-26 13:16:14 [TRACE] 【目标检测】屏幕内没有目标
2025-07-26 13:16:14 [TRACE] 【目标检测】屏幕内没有目标
2025-07-26 13:16:17 [TRACE] 【状态】搜索模式：C:\Users\gelon\Desktop\ZA-Lite\assets/images/hollow\meter.png 置信度：0.9757590293884277
2025-07-26 13:16:18 [TRACE] 【目标检测】微调超时，无法对齐！
2025-07-26 13:16:19 [TRACE] 【目标检测】目标存在，但置信度不足
2025-07-26 13:16:20 [TRACE] 【空洞监听】无匹配已持续：0秒
2025-07-26 13:16:22 [TRACE] 【状态】搜索模式：C:\Users\gelon\Desktop\ZA-Lite\assets/images/hollow\meter.png 置信度：0.9523870944976807
2025-07-26 13:16:22 [TRACE] 【目标检测】TRAPPED！ 类型：guide_point 置信度：0.8474609851837158
2025-07-26 13:16:25 [TRACE] 【空洞监听】无匹配已持续：0秒
2025-07-26 13:16:28 [TRACE] 【空洞监听】无匹配已持续：2秒
2025-07-26 13:16:28 [TRACE] 【目标检测】屏幕内没有目标
2025-07-26 13:16:28 [TRACE] 【目标检测】屏幕内没有目标
2025-07-26 13:16:29 [TRACE] 【目标检测】屏幕内没有目标
2025-07-26 13:16:29 [TRACE] 【目标检测】屏幕内没有目标
2025-07-26 13:16:30 [TRACE] 【目标检测】屏幕内没有目标
2025-07-26 13:16:31 [TRACE] 【状态】战斗模式：C:\Users\gelon\Desktop\ZA-Lite\assets/images/hollow\battle_3.png 置信度：0.9999994039535522
2025-07-26 13:16:36 [TRACE] 【空洞监听】无匹配已持续：0秒
2025-07-26 13:16:39 [TRACE] 【空洞监听】无匹配已持续：3秒
2025-07-26 13:16:39 [TRACE] 【状态】搜索模式：C:\Users\gelon\Desktop\ZA-Lite\assets/images/hollow\next_area.png 置信度：0.9999995231628418
2025-07-26 13:16:41 [TRACE] 【目标检测】屏幕内没有目标
2025-07-26 13:16:42 [TRACE] 【目标检测】微调超时，无法对齐！
2025-07-26 13:16:44 [TRACE] 【空洞监听】无匹配已持续：0秒
2025-07-26 13:16:44 [TRACE] 【目标检测】TRAPPED！ 类型：red_portal 置信度：0.8964350819587708
2025-07-26 13:16:44 [TRACE] 【状态】进入BOSS战，开启攻击检测
2025-07-26 13:16:46 [TRACE] 【空洞监听】无匹配已持续：2秒
2025-07-26 13:16:49 [TRACE] 【空洞监听】无匹配已持续：5秒
2025-07-26 13:16:50 [TRACE] 【目标检测】屏幕内没有目标
2025-07-26 13:16:51 [TRACE] 【目标检测】屏幕内没有目标
2025-07-26 13:16:51 [TRACE] 【目标检测】屏幕内没有目标
2025-07-26 13:16:51 [TRACE] 【空洞监听】无匹配已持续：7秒
2025-07-26 13:16:52 [TRACE] 【目标检测】屏幕内没有目标
2025-07-26 13:16:52 [TRACE] 【目标检测】屏幕内没有目标
2025-07-26 13:16:54 [TRACE] 【目标检测】屏幕内没有目标
2025-07-26 13:16:54 [TRACE] 【空洞监听】无匹配已持续：10秒
2025-07-26 13:16:55 [TRACE] 【目标检测】屏幕内没有目标
2025-07-26 13:16:57 [TRACE] 【空洞监听】无匹配已持续：13秒
2025-07-26 13:17:00 [TRACE] 【空洞监听】无匹配已持续：15秒
2025-07-26 13:17:02 [TRACE] 【空洞监听】无匹配已持续：18秒
2025-07-26 13:17:05 [TRACE] 【空洞监听】无匹配已持续：21秒
2025-07-26 13:17:07 [TRACE] 【空洞监听】无匹配已持续：23秒
2025-07-26 13:17:10 [TRACE] 【空洞监听】无匹配已持续：26秒
2025-07-26 13:17:13 [TRACE] 【空洞监听】无匹配已持续：29秒
2025-07-26 13:17:15 [TRACE] 【空洞监听】无匹配已持续：31秒
2025-07-26 13:17:18 [WARNING] 代理人死亡，空洞任务失败
