2025-08-07 00:20:28 [TRACE] 【线程启动】全局监听
2025-08-07 00:20:28 [TRACE] 【线程启动】终止监听
2025-08-07 00:20:32 [WARNING] 有可用的更新！前往更新器获取 <1.0.4> 
2025-08-07 00:20:37 [DEBUG] 权限检查通过
2025-08-07 00:20:38 [DEBUG] 跳过零号空洞
2025-08-07 00:20:40 [DEBUG] 初始化完毕..启动{日常任务}模块
2025-08-07 00:20:43 [DEBUG] 启动游戏：D:/Game Files/ZenlessZoneZero Game/ZenlessZoneZero.exe
2025-08-07 00:20:44 [ERROR] [WinError 2] 系统找不到指定的文件。
2025-08-07 00:20:44 [ERROR] 启动游戏失败，请检查路径
2025-08-07 00:20:48 [SUCCESS] 程序开始接管操作，请保持游戏画面处于前台，终止按下Alt键
2025-08-07 00:20:48 [DEBUG] 正在返回菜单
2025-08-07 00:20:48 [TRACE] 正在返回菜单,请保持游戏画面处于前台
2025-08-07 00:20:50 [TRACE] 正在返回菜单,请保持游戏画面处于前台
2025-08-07 00:20:52 [TRACE] 正在返回菜单,请保持游戏画面处于前台
2025-08-07 00:20:54 [TRACE] 正在返回菜单,请保持游戏画面处于前台
2025-08-07 00:20:56 [TRACE] 正在返回菜单,请保持游戏画面处于前台
2025-08-07 00:20:58 [TRACE] 正在返回菜单,请保持游戏画面处于前台
2025-08-07 00:21:00 [TRACE] 正在返回菜单,请保持游戏画面处于前台
2025-08-07 00:21:02 [TRACE] 正在返回菜单,请保持游戏画面处于前台
2025-08-07 00:21:04 [TRACE] 正在返回菜单,请保持游戏画面处于前台
2025-08-07 00:21:06 [TRACE] 正在返回菜单,请保持游戏画面处于前台
2025-08-07 00:21:08 [TRACE] 正在返回菜单,请保持游戏画面处于前台
2025-08-07 00:21:10 [TRACE] 正在返回菜单,请保持游戏画面处于前台
2025-08-07 00:21:12 [TRACE] 正在返回菜单,请保持游戏画面处于前台
2025-08-07 00:21:14 [TRACE] 正在返回菜单,请保持游戏画面处于前台
2025-08-07 00:21:16 [TRACE] 正在返回菜单,请保持游戏画面处于前台
2025-08-07 00:21:18 [TRACE] 正在返回菜单,请保持游戏画面处于前台
2025-08-07 00:21:20 [TRACE] 正在返回菜单,请保持游戏画面处于前台
